\BOOKMARK [0][-]{chapter.1}{\376\377\000D\000e\000v\000e\000l\000o\000p\000i\000n\000g\000\040\000A\000p\000p\000l\000i\000c\000a\000t\000i\000o\000n\000s\000\040\000U\000s\000i\000n\000g\000\040\000I\000A\000C}{}% 1
\BOOKMARK [1][-]{section.1.1}{\376\377\000A\000b\000o\000u\000t\000\040\000t\000h\000e\000\040\000A\000P\000I\000\040\000o\000b\000j\000e\000c\000t\000\040\000l\000a\000y\000e\000r\000s}{chapter.1}% 2
\BOOKMARK [1][-]{section.1.2}{\376\377\000P\000l\000u\000g\000i\000n\000s\000\040\000f\000o\000r\000\040\000e\000x\000t\000e\000n\000d\000i\000n\000g\000\040\000t\000h\000e\000\040\000I\000A\000C\000\040\000i\000n\000t\000e\000r\000f\000a\000c\000e\000s}{chapter.1}% 3
\BOOKMARK [1][-]{section.1.3}{\376\377\000D\000e\000v\000e\000l\000o\000p\000i\000n\000g\000\040\000f\000o\000r\000\040\000A\000c\000r\000o\000b\000a\000t\000\040\000R\000e\000a\000d\000e\000r}{chapter.1}% 4
\BOOKMARK [1][-]{section.1.4}{\376\377\000D\000D\000E\000\040\000m\000e\000s\000s\000a\000g\000e\000s}{chapter.1}% 5
\BOOKMARK [1][-]{section.1.5}{\376\377\000A\000p\000p\000l\000e\000\040\000e\000v\000e\000n\000t\000s}{chapter.1}% 6
\BOOKMARK [0][-]{chapter.2}{\376\377\000U\000s\000i\000n\000g\000\040\000O\000L\000E}{}% 7
\BOOKMARK [1][-]{section.2.1}{\376\377\000O\000L\000E\000\040\000c\000a\000p\000a\000b\000i\000l\000i\000t\000i\000e\000s\000\040\000i\000n\000\040\000A\000c\000r\000o\000b\000a\000t}{chapter.2}% 8
\BOOKMARK [1][-]{section.2.2}{\376\377\000D\000e\000v\000e\000l\000o\000p\000m\000e\000n\000t\000\040\000e\000n\000v\000i\000r\000o\000n\000m\000e\000n\000t\000\040\000c\000o\000n\000s\000i\000d\000e\000r\000a\000t\000i\000o\000n\000s}{chapter.2}% 9
\BOOKMARK [1][-]{section.2.3}{\376\377\000U\000s\000i\000n\000g\000\040\000t\000h\000e\000\040\000A\000c\000r\000o\000b\000a\000t\000\040\000O\000L\000E\000\040\000i\000n\000t\000e\000r\000f\000a\000c\000e\000s}{chapter.2}% 10
\BOOKMARK [1][-]{section.2.4}{\376\377\000U\000s\000i\000n\000g\000\040\000t\000h\000e\000\040\000J\000S\000O\000b\000j\000e\000c\000t\000\040\000i\000n\000t\000e\000r\000f\000a\000c\000e}{chapter.2}% 11
\BOOKMARK [1][-]{section.2.5}{\376\377\000O\000t\000h\000e\000r\000\040\000d\000e\000v\000e\000l\000o\000p\000m\000e\000n\000t\000\040\000t\000o\000p\000i\000c\000s}{chapter.2}% 12
\BOOKMARK [1][-]{section.2.6}{\376\377\000S\000u\000m\000m\000a\000r\000y\000\040\000o\000f\000\040\000O\000L\000E\000\040\000o\000b\000j\000e\000c\000t\000s\000\040\000a\000n\000d\000\040\000m\000e\000t\000h\000o\000d\000s}{chapter.2}% 13
\BOOKMARK [0][-]{chapter.3}{\376\377\000U\000s\000i\000n\000g\000\040\000D\000D\000E}{}% 14
\BOOKMARK [0][-]{chapter.4}{\376\377\000U\000s\000i\000n\000g\000\040\000A\000p\000p\000l\000e\000\040\000E\000v\000e\000n\000t\000s}{}% 15
\BOOKMARK [0][-]{chapter.5}{\376\377\000O\000L\000E\000\040\000A\000u\000t\000o\000m\000a\000t\000i\000o\000n}{}% 16
\BOOKMARK [1][-]{section.5.1}{\376\377\000A\000c\000r\000o\000E\000x\000c\000h\000.\000A\000p\000p}{chapter.5}% 17
\BOOKMARK [1][-]{section.5.2}{\376\377\000A\000c\000r\000o\000E\000x\000c\000h\000.\000A\000V\000D\000o\000c}{chapter.5}% 18
\BOOKMARK [1][-]{section.5.3}{\376\377\000A\000c\000r\000o\000E\000x\000c\000h\000.\000A\000V\000P\000a\000g\000e\000V\000i\000e\000w}{chapter.5}% 19
\BOOKMARK [1][-]{section.5.4}{\376\377\000A\000c\000r\000o\000E\000x\000c\000h\000.\000H\000i\000l\000i\000t\000e\000L\000i\000s\000t}{chapter.5}% 20
\BOOKMARK [1][-]{section.5.5}{\376\377\000A\000c\000r\000o\000E\000x\000c\000h\000.\000P\000D\000A\000n\000n\000o\000t}{chapter.5}% 21
\BOOKMARK [1][-]{section.5.6}{\376\377\000A\000c\000r\000o\000E\000x\000c\000h\000.\000P\000D\000B\000o\000o\000k\000m\000a\000r\000k}{chapter.5}% 22
\BOOKMARK [1][-]{section.5.7}{\376\377\000A\000c\000r\000o\000E\000x\000c\000h\000.\000P\000D\000D\000o\000c}{chapter.5}% 23
\BOOKMARK [1][-]{section.5.8}{\376\377\000A\000c\000r\000o\000E\000x\000c\000h\000.\000P\000D\000P\000a\000g\000e}{chapter.5}% 24
\BOOKMARK [1][-]{section.5.9}{\376\377\000A\000c\000r\000o\000E\000x\000c\000h\000.\000P\000D\000T\000e\000x\000t\000S\000e\000l\000e\000c\000t}{chapter.5}% 25
\BOOKMARK [1][-]{section.5.10}{\376\377\000A\000c\000r\000o\000E\000x\000c\000h\000.\000P\000o\000i\000n\000t}{chapter.5}% 26
\BOOKMARK [1][-]{section.5.11}{\376\377\000A\000c\000r\000o\000E\000x\000c\000h\000.\000R\000e\000c\000t}{chapter.5}% 27
\BOOKMARK [1][-]{section.5.12}{\376\377\000A\000c\000r\000o\000E\000x\000c\000h\000.\000T\000i\000m\000e}{chapter.5}% 28
\BOOKMARK [1][-]{section.5.13}{\376\377\000A\000x\000A\000c\000r\000o\000P\000D\000F\000L\000i\000b\000.\000A\000x\000A\000c\000r\000o\000P\000D\000F}{chapter.5}% 29
\BOOKMARK [0][-]{chapter.6}{\376\377\000D\000D\000E\000\040\000M\000e\000s\000s\000a\000g\000e\000s}{}% 30
\BOOKMARK [1][-]{section.6.1}{\376\377\000A\000p\000p\000E\000x\000i\000t}{chapter.6}% 31
\BOOKMARK [1][-]{section.6.2}{\376\377\000A\000p\000p\000H\000i\000d\000e}{chapter.6}% 32
\BOOKMARK [1][-]{section.6.3}{\376\377\000A\000p\000p\000S\000h\000o\000w}{chapter.6}% 33
\BOOKMARK [1][-]{section.6.4}{\376\377\000C\000l\000o\000s\000e\000A\000l\000l\000D\000o\000c\000s}{chapter.6}% 34
\BOOKMARK [1][-]{section.6.5}{\376\377\000D\000o\000c\000C\000l\000o\000s\000e}{chapter.6}% 35
\BOOKMARK [1][-]{section.6.6}{\376\377\000D\000o\000c\000D\000e\000l\000e\000t\000e\000P\000a\000g\000e\000s}{chapter.6}% 36
\BOOKMARK [1][-]{section.6.7}{\376\377\000D\000o\000c\000F\000i\000n\000d}{chapter.6}% 37
\BOOKMARK [1][-]{section.6.8}{\376\377\000D\000o\000c\000G\000o\000T\000o}{chapter.6}% 38
\BOOKMARK [1][-]{section.6.9}{\376\377\000D\000o\000c\000G\000o\000T\000o\000N\000a\000m\000e\000D\000e\000s\000t}{chapter.6}% 39
\BOOKMARK [1][-]{section.6.10}{\376\377\000D\000o\000c\000I\000n\000s\000e\000r\000t\000P\000a\000g\000e\000s}{chapter.6}% 40
\BOOKMARK [1][-]{section.6.11}{\376\377\000D\000o\000c\000O\000p\000e\000n}{chapter.6}% 41
\BOOKMARK [1][-]{section.6.12}{\376\377\000D\000o\000c\000P\000a\000g\000e\000D\000o\000w\000n}{chapter.6}% 42
\BOOKMARK [1][-]{section.6.13}{\376\377\000D\000o\000c\000P\000a\000g\000e\000L\000e\000f\000t}{chapter.6}% 43
\BOOKMARK [1][-]{section.6.14}{\376\377\000D\000o\000c\000P\000a\000g\000e\000R\000i\000g\000h\000t}{chapter.6}% 44
\BOOKMARK [1][-]{section.6.15}{\376\377\000D\000o\000c\000P\000a\000g\000e\000U\000p}{chapter.6}% 45
\BOOKMARK [1][-]{section.6.16}{\376\377\000D\000o\000c\000P\000r\000i\000n\000t}{chapter.6}% 46
\BOOKMARK [1][-]{section.6.17}{\376\377\000D\000o\000c\000R\000e\000p\000l\000a\000c\000e\000P\000a\000g\000e\000s}{chapter.6}% 47
\BOOKMARK [1][-]{section.6.18}{\376\377\000D\000o\000c\000S\000a\000v\000e}{chapter.6}% 48
\BOOKMARK [1][-]{section.6.19}{\376\377\000D\000o\000c\000S\000a\000v\000e\000A\000s}{chapter.6}% 49
\BOOKMARK [1][-]{section.6.20}{\376\377\000D\000o\000c\000S\000c\000r\000o\000l\000l\000T\000o}{chapter.6}% 50
\BOOKMARK [1][-]{section.6.21}{\376\377\000D\000o\000c\000S\000e\000t\000V\000i\000e\000w\000M\000o\000d\000e}{chapter.6}% 51
\BOOKMARK [1][-]{section.6.22}{\376\377\000D\000o\000c\000Z\000o\000o\000m\000T\000o}{chapter.6}% 52
\BOOKMARK [1][-]{section.6.23}{\376\377\000F\000i\000l\000e\000O\000p\000e\000n}{chapter.6}% 53
\BOOKMARK [1][-]{section.6.24}{\376\377\000F\000i\000l\000e\000O\000p\000e\000n\000E\000x}{chapter.6}% 54
\BOOKMARK [1][-]{section.6.25}{\376\377\000F\000i\000l\000e\000P\000r\000i\000n\000t}{chapter.6}% 55
\BOOKMARK [1][-]{section.6.26}{\376\377\000F\000i\000l\000e\000P\000r\000i\000n\000t\000E\000x}{chapter.6}% 56
\BOOKMARK [1][-]{section.6.27}{\376\377\000F\000i\000l\000e\000P\000r\000i\000n\000t\000S\000i\000l\000e\000n\000t}{chapter.6}% 57
\BOOKMARK [1][-]{section.6.28}{\376\377\000F\000i\000l\000e\000P\000r\000i\000n\000t\000S\000i\000l\000e\000n\000t\000E\000x}{chapter.6}% 58
\BOOKMARK [1][-]{section.6.29}{\376\377\000F\000i\000l\000e\000P\000r\000i\000n\000t\000T\000o}{chapter.6}% 59
\BOOKMARK [1][-]{section.6.30}{\376\377\000F\000i\000l\000e\000P\000r\000i\000n\000t\000T\000o\000E\000x}{chapter.6}% 60
\BOOKMARK [1][-]{section.6.31}{\376\377\000F\000u\000l\000l\000M\000e\000n\000u\000s}{chapter.6}% 61
\BOOKMARK [1][-]{section.6.32}{\376\377\000H\000i\000d\000e\000T\000o\000o\000l\000b\000a\000r}{chapter.6}% 62
\BOOKMARK [1][-]{section.6.33}{\376\377\000M\000e\000n\000u\000i\000t\000e\000m\000E\000x\000e\000c\000u\000t\000e}{chapter.6}% 63
\BOOKMARK [1][-]{section.6.34}{\376\377\000S\000h\000o\000r\000t\000M\000e\000n\000u\000s}{chapter.6}% 64
\BOOKMARK [1][-]{section.6.35}{\376\377\000S\000h\000o\000w\000T\000o\000o\000l\000b\000a\000r}{chapter.6}% 65
\BOOKMARK [0][-]{chapter.7}{\376\377\000A\000p\000p\000l\000e\000\040\000E\000v\000e\000n\000t\000\040\000O\000b\000j\000e\000c\000t\000s\000\040\000a\000n\000d\000\040\000A\000p\000p\000l\000e\000\040\000E\000v\000e\000n\000t\000s}{}% 66
\BOOKMARK [1][-]{section.7.1}{\376\377\000O\000b\000j\000e\000c\000t\000s}{chapter.7}% 67
\BOOKMARK [1][-]{section.7.2}{\376\377\000R\000e\000q\000u\000i\000r\000e\000d\000\040\000s\000u\000i\000t\000e\000\040\000e\000v\000e\000n\000t\000s}{chapter.7}% 68
\BOOKMARK [1][-]{section.7.3}{\376\377\000C\000o\000r\000e\000\040\000s\000u\000i\000t\000e\000\040\000e\000v\000e\000n\000t\000s}{chapter.7}% 69
\BOOKMARK [1][-]{section.7.4}{\376\377\000A\000c\000r\000o\000b\000a\000t\000\040\000a\000p\000p\000l\000i\000c\000a\000t\000i\000o\000n\000\040\000e\000v\000e\000n\000t\000s}{chapter.7}% 70
\BOOKMARK [1][-]{section.7.5}{\376\377\000M\000i\000s\000c\000e\000l\000l\000a\000n\000e\000o\000u\000s\000\040\000e\000v\000e\000n\000t\000s}{chapter.7}% 71
\BOOKMARK [0][-]{chapter.8}{\376\377\000A\000c\000r\000o\000b\000a\000t\000\040\000C\000a\000t\000a\000l\000o\000g\000\040\000P\000l\000u\000g\000-\000I\000n}{}% 72
\BOOKMARK [1][-]{section.8.1}{\376\377\000C\000a\000t\000a\000l\000o\000g\000\040\000W\000i\000n\000d\000o\000w\000s\000\040\000m\000e\000s\000s\000a\000g\000e\000s}{chapter.8}% 73
\BOOKMARK [1][-]{section.8.2}{\376\377\000C\000a\000t\000a\000l\000o\000g\000\040\000D\000D\000E\000\040\000m\000e\000t\000h\000o\000d\000s}{chapter.8}% 74
\BOOKMARK [0][-]{chapter.9}{\376\377\000A\000c\000r\000o\000b\000a\000t\000\040\000F\000o\000r\000m\000s\000\040\000P\000l\000u\000g\000-\000I\000n}{}% 75
\BOOKMARK [1][-]{section.9.1}{\376\377\000F\000o\000r\000m\000s\000\040\000p\000l\000u\000g\000-\000i\000n\000\040\000O\000L\000E\000\040\000a\000u\000t\000o\000m\000a\000t\000i\000o\000n}{chapter.9}% 76
\BOOKMARK [1][-]{section.9.2}{\376\377\000A\000F\000o\000r\000m\000A\000p\000p}{chapter.9}% 77
\BOOKMARK [1][-]{section.9.3}{\376\377\000F\000i\000e\000l\000d}{chapter.9}% 78
\BOOKMARK [1][-]{section.9.4}{\376\377\000F\000i\000e\000l\000d\000s}{chapter.9}% 79
\BOOKMARK [0][-]{chapter.10}{\376\377\000A\000c\000r\000o\000b\000a\000t\000\040\000S\000e\000a\000r\000c\000h\000\040\000P\000l\000u\000g\000-\000i\000n}{}% 80
\BOOKMARK [1][-]{section.10.1}{\376\377\000S\000e\000a\000r\000c\000h\000\040\000p\000l\000u\000g\000-\000i\000n\000\040\000u\000s\000i\000n\000g\000\040\000D\000D\000E}{chapter.10}% 81
\BOOKMARK [1][-]{section.10.2}{\376\377\000S\000e\000a\000r\000c\000h\000\040\000p\000l\000u\000g\000-\000i\000n\000\040\000u\000s\000i\000n\000g\000\040\000A\000p\000p\000l\000e\000\040\000e\000v\000e\000n\000t\000s}{chapter.10}% 82
\BOOKMARK [1][-]{section.10.3}{\376\377\000S\000e\000a\000r\000c\000h\000\040\000l\000i\000s\000t\000s}{chapter.10}% 83
\BOOKMARK [0][-]{chapter.11}{\376\377\000C\000o\000o\000r\000d\000i\000n\000a\000t\000e\000\040\000S\000y\000s\000t\000e\000m\000s}{}% 84
\BOOKMARK [1][-]{section.11.1}{\376\377\000U\000s\000e\000r\000\040\000s\000p\000a\000c\000e}{chapter.11}% 85
\BOOKMARK [1][-]{section.11.2}{\376\377\000D\000e\000v\000i\000c\000e\000\040\000s\000p\000a\000c\000e}{chapter.11}% 86
