\BOOKMARK [0][-]{chapter.1}{\376\377\000A\000c\000r\000o\000b\000a\000t\000\040\000a\000n\000d\000\040\000P\000D\000F\000L\000\040\000S\000D\000K\000:\000\040\000E\000x\000t\000e\000n\000d\000i\000n\000g\000\040\000t\000h\000e\000\040\000S\000a\000v\000e\000A\000s\000X\000M\000L\000\040\000P\000l\000u\000g\000i\000n}{}% 1
\BOOKMARK [1][-]{section.1.1}{\376\377\000S\000a\000m\000p\000l\000e\000\040\000m\000a\000p\000p\000i\000n\000g\000\040\000t\000a\000b\000l\000e}{chapter.1}% 2
\BOOKMARK [1][-]{section.1.2}{\376\377\000E\000d\000i\000t\000i\000n\000g\000\040\000t\000h\000e\000\040\000m\000a\000p\000p\000i\000n\000g\000\040\000t\000a\000b\000l\000e\000s}{chapter.1}% 3
\BOOKMARK [0][-]{chapter.2}{\376\377\000M\000a\000p\000p\000i\000n\000g\000\040\000T\000a\000b\000l\000e\000\040\000E\000l\000e\000m\000e\000n\000t\000s\000\040\000R\000e\000f\000e\000r\000e\000n\000c\000e}{}% 4
\BOOKMARK [1][-]{section.2.1}{\376\377\000C\000a\000l\000l\000-\000e\000v\000e\000n\000t\000-\000l\000i\000s\000t}{chapter.2}% 5
\BOOKMARK [1][-]{section.2.2}{\376\377\000C\000a\000l\000l\000-\000p\000r\000o\000c\000-\000l\000i\000s\000t}{chapter.2}% 6
\BOOKMARK [1][-]{section.2.3}{\376\377\000C\000o\000m\000m\000e\000n\000t}{chapter.2}% 7
\BOOKMARK [1][-]{section.2.4}{\376\377\000C\000o\000n\000d\000i\000t\000i\000o\000n\000a\000l\000-\000d\000e\000l\000i\000m\000i\000t\000e\000r}{chapter.2}% 8
\BOOKMARK [1][-]{section.2.5}{\376\377\000C\000o\000n\000d\000i\000t\000i\000o\000n\000a\000l\000-\000p\000r\000e\000f\000i\000x}{chapter.2}% 9
\BOOKMARK [1][-]{section.2.6}{\376\377\000C\000o\000n\000d\000i\000t\000i\000o\000n\000a\000l\000-\000s\000u\000f\000f\000i\000x}{chapter.2}% 10
\BOOKMARK [1][-]{section.2.7}{\376\377\000D\000e\000f\000i\000n\000e\000-\000e\000v\000e\000n\000t\000-\000l\000i\000s\000t}{chapter.2}% 11
\BOOKMARK [1][-]{section.2.8}{\376\377\000D\000e\000f\000i\000n\000e\000-\000p\000r\000o\000c\000-\000l\000i\000s\000t}{chapter.2}% 12
\BOOKMARK [1][-]{section.2.9}{\376\377\000E\000l\000e\000m\000e\000n\000t\000-\000n\000a\000m\000e}{chapter.2}% 13
\BOOKMARK [1][-]{section.2.10}{\376\377\000E\000m\000i\000t\000-\000a\000l\000l\000-\000m\000e\000t\000a\000d\000a\000t\000a}{chapter.2}% 14
\BOOKMARK [1][-]{section.2.11}{\376\377\000E\000m\000i\000t\000-\000s\000t\000r\000i\000n\000g}{chapter.2}% 15
\BOOKMARK [1][-]{section.2.12}{\376\377\000E\000v\000a\000l\000u\000a\000t\000e\000-\000v\000a\000r}{chapter.2}% 16
\BOOKMARK [1][-]{section.2.13}{\376\377\000E\000v\000e\000n\000t}{chapter.2}% 17
\BOOKMARK [1][-]{section.2.14}{\376\377\000P\000r\000o\000c\000-\000d\000o\000c\000-\000t\000e\000x\000t}{chapter.2}% 18
\BOOKMARK [1][-]{section.2.15}{\376\377\000P\000r\000o\000c\000-\000e\000n\000u\000m}{chapter.2}% 19
\BOOKMARK [1][-]{section.2.16}{\376\377\000P\000r\000o\000c\000-\000e\000n\000u\000m\000-\000c\000h\000o\000i\000c\000e}{chapter.2}% 20
\BOOKMARK [1][-]{section.2.17}{\376\377\000P\000r\000o\000c\000-\000f\000i\000x\000e\000d}{chapter.2}% 21
\BOOKMARK [1][-]{section.2.18}{\376\377\000P\000r\000o\000c\000-\000g\000r\000a\000p\000h\000i\000c\000-\000c\000o\000n\000t\000e\000n\000t}{chapter.2}% 22
\BOOKMARK [1][-]{section.2.19}{\376\377\000P\000r\000o\000c\000-\000h\000e\000x}{chapter.2}% 23
\BOOKMARK [1][-]{section.2.20}{\376\377\000P\000r\000o\000c\000-\000i\000m\000a\000g\000e\000-\000c\000o\000n\000t\000e\000n\000t}{chapter.2}% 24
\BOOKMARK [1][-]{section.2.21}{\376\377\000P\000r\000o\000c\000-\000i\000n\000t\000e\000g\000e\000r}{chapter.2}% 25
\BOOKMARK [1][-]{section.2.22}{\376\377\000P\000r\000o\000c\000-\000l\000e\000n\000g\000t\000h}{chapter.2}% 26
\BOOKMARK [1][-]{section.2.23}{\376\377\000P\000r\000o\000c\000-\000p\000i\000x\000e\000l\000s}{chapter.2}% 27
\BOOKMARK [1][-]{section.2.24}{\376\377\000P\000r\000o\000c\000-\000p\000r\000o\000p\000e\000r\000t\000y}{chapter.2}% 28
\BOOKMARK [1][-]{section.2.25}{\376\377\000P\000r\000o\000c\000-\000s\000t\000r\000i\000n\000g}{chapter.2}% 29
\BOOKMARK [1][-]{section.2.26}{\376\377\000P\000r\000o\000c\000-\000v\000a\000r}{chapter.2}% 30
\BOOKMARK [1][-]{section.2.27}{\376\377\000P\000r\000o\000p\000e\000r\000t\000y\000-\000n\000a\000m\000e}{chapter.2}% 31
\BOOKMARK [1][-]{section.2.28}{\376\377\000P\000r\000o\000p\000e\000r\000t\000y\000-\000t\000y\000p\000e}{chapter.2}% 32
\BOOKMARK [1][-]{section.2.29}{\376\377\000R\000o\000o\000t}{chapter.2}% 33
\BOOKMARK [1][-]{section.2.30}{\376\377\000V\000o\000i\000d}{chapter.2}% 34
\BOOKMARK [1][-]{section.2.31}{\376\377\000W\000a\000l\000k\000-\000c\000a\000c\000h\000e\000d\000-\000p\000r\000o\000p\000e\000r\000t\000y\000-\000s\000e\000t\000s}{chapter.2}% 35
\BOOKMARK [1][-]{section.2.32}{\376\377\000W\000a\000l\000k\000-\000c\000h\000i\000l\000d\000r\000e\000n}{chapter.2}% 36
\BOOKMARK [1][-]{section.2.33}{\376\377\000W\000a\000l\000k\000-\000l\000a\000y\000o\000u\000t}{chapter.2}% 37
\BOOKMARK [1][-]{section.2.34}{\376\377\000W\000a\000l\000k\000-\000m\000e\000t\000a\000d\000a\000t\000a}{chapter.2}% 38
\BOOKMARK [1][-]{section.2.35}{\376\377\000W\000a\000l\000k\000-\000p\000r\000o\000p\000l\000i\000s\000t}{chapter.2}% 39
\BOOKMARK [1][-]{section.2.36}{\376\377\000W\000a\000l\000k\000-\000s\000t\000r\000u\000c\000t\000u\000r\000e}{chapter.2}% 40
