\BOOKMARK [0][-]{chapter.1}{\376\377\000A\000c\000r\000o\000b\000a\000t\000\040\000a\000n\000d\000\040\000P\000D\000F\000L\000\040\000S\000D\000K\000\040\000O\000v\000e\000r\000v\000i\000e\000w}{}% 1
\BOOKMARK [1][-]{section.1.1}{\376\377\000D\000e\000v\000e\000l\000o\000p\000e\000r\000\040\000s\000u\000p\000p\000o\000r\000t}{chapter.1}% 2
\BOOKMARK [1][-]{section.1.2}{\376\377\000L\000i\000c\000e\000n\000s\000i\000n\000g\000\040\000a\000n\000d\000\040\000d\000i\000s\000t\000r\000i\000b\000u\000t\000i\000o\000n}{chapter.1}% 3
\BOOKMARK [1][-]{section.1.3}{\376\377\000S\000a\000m\000p\000l\000e\000s\000\040\000p\000r\000o\000v\000i\000d\000e\000d\000\040\000w\000i\000t\000h\000\040\000t\000h\000e\000\040\000A\000c\000r\000o\000b\000a\000t\000\040\000S\000D\000K}{chapter.1}% 4
\BOOKMARK [1][-]{section.1.4}{\376\377\000D\000e\000v\000e\000l\000o\000p\000i\000n\000g\000\040\000f\000o\000r\000\040\000A\000c\000r\000o\000b\000a\000t\000\040\000R\000e\000a\000d\000e\000r}{chapter.1}% 5
\BOOKMARK [1][-]{section.1.5}{\376\377\000S\000D\000K\000\040\000t\000e\000c\000h\000n\000o\000l\000o\000g\000i\000e\000s\000\040\000a\000n\000d\000\040\000o\000p\000t\000i\000o\000n\000s}{chapter.1}% 6
\BOOKMARK [0][-]{chapter.2}{\376\377\000S\000a\000n\000d\000b\000o\000x\000\040\000B\000r\000o\000k\000e\000r\000\040\000E\000x\000t\000e\000n\000s\000i\000b\000i\000l\000i\000t\000y}{}% 7
\BOOKMARK [1][-]{section.2.1}{\376\377\000E\000x\000t\000e\000n\000d\000i\000n\000g\000\040\000b\000r\000o\000k\000e\000r\000\040\000A\000P\000I\000s\000\040\000a\000t\000\040\000r\000u\000n\000\040\000t\000i\000m\000e}{chapter.2}% 8
\BOOKMARK [1][-]{section.2.2}{\376\377\000C\000o\000m\000p\000o\000n\000e\000n\000t\000s}{chapter.2}% 9
\BOOKMARK [1][-]{section.2.3}{\376\377\000H\000a\000n\000d\000s\000h\000a\000k\000e\000\040\000b\000e\000t\000w\000e\000e\000n\000\040\000p\000l\000u\000g\000i\000n\000\040\000a\000n\000d\000\040\000p\000l\000u\000g\000i\000n\000\040\000b\000r\000o\000k\000e\000r}{chapter.2}% 10
\BOOKMARK [1][-]{section.2.4}{\376\377\000I\000m\000p\000l\000e\000m\000e\000n\000t\000\040\000C\000r\000o\000s\000s\000C\000a\000l\000l\000s\000\040\000\050\000m\000a\000k\000e\000\040\000c\000a\000l\000l\000s\000\040\000f\000r\000o\000m\000\040\000p\000l\000u\000g\000-\000i\000n\000\040\000t\000o\000\040\000p\000l\000u\000g\000-\000i\000n\040\031\000s\000\040\000b\000r\000o\000k\000e\000r\000\040\000p\000r\000o\000c\000e\000s\000s\000\051}{chapter.2}% 11
\BOOKMARK [0][-]{chapter.3}{\376\377\000P\000D\000F\000\040\000F\000i\000l\000e\000\040\000C\000r\000e\000a\000t\000i\000o\000n}{}% 12
\BOOKMARK [1][-]{section.3.1}{\376\377\000C\000r\000e\000a\000t\000i\000n\000g\000\040\000P\000D\000F\000\040\000f\000i\000l\000e\000s\000\040\000f\000r\000o\000m\000\040\000a\000n\000\040\000a\000u\000t\000h\000o\000r\000i\000n\000g\000\040\000a\000p\000p\000l\000i\000c\000a\000t\000i\000o\000n}{chapter.3}% 13
\BOOKMARK [1][-]{section.3.2}{\376\377\000C\000r\000e\000a\000t\000i\000n\000g\000\040\000P\000D\000F\000\040\000f\000i\000l\000e\000s\000\040\000u\000s\000i\000n\000g\000\040\000p\000l\000u\000g\000-\000i\000n\000s\000\040\000o\000r\000\040\000J\000a\000v\000a\000S\000c\000r\000i\000p\000t}{chapter.3}% 14
\BOOKMARK [1][-]{section.3.3}{\376\377\000C\000r\000e\000a\000t\000i\000n\000g\000\040\000P\000D\000F\000\040\000f\000i\000l\000e\000s\000\040\000w\000i\000t\000h\000o\000u\000t\000\040\000u\000s\000i\000n\000g\000\040\000A\000c\000r\000o\000b\000a\000t}{chapter.3}% 15
\BOOKMARK [0][-]{chapter.4}{\376\377\000W\000o\000r\000k\000i\000n\000g\000\040\000w\000i\000t\000h\000\040\000P\000D\000F\000\040\000F\000e\000a\000t\000u\000r\000e\000s}{}% 16
\BOOKMARK [1][-]{section.4.1}{\376\377\000N\000a\000v\000i\000g\000a\000t\000i\000o\000n\000\040\000i\000n\000\040\000P\000D\000F\000\040\000d\000o\000c\000u\000m\000e\000n\000t\000s}{chapter.4}% 17
\BOOKMARK [1][-]{section.4.2}{\376\377\000P\000D\000F\000\040\000p\000a\000g\000e\000\040\000m\000a\000n\000i\000p\000u\000l\000a\000t\000i\000o\000n}{chapter.4}% 18
\BOOKMARK [1][-]{section.4.3}{\376\377\000W\000a\000t\000e\000r\000m\000a\000r\000k\000s}{chapter.4}% 19
\BOOKMARK [1][-]{section.4.4}{\376\377\000S\000p\000e\000l\000l\000-\000c\000h\000e\000c\000k\000i\000n\000g}{chapter.4}% 20
\BOOKMARK [1][-]{section.4.5}{\376\377\000M\000u\000l\000t\000i\000m\000e\000d\000i\000a}{chapter.4}% 21
\BOOKMARK [1][-]{section.4.6}{\376\377\000P\000r\000i\000n\000t\000i\000n\000g\000\040\000P\000D\000F\000\040\000f\000i\000l\000e\000s}{chapter.4}% 22
\BOOKMARK [1][-]{section.4.7}{\376\377\000E\000m\000b\000e\000d\000d\000e\000d\000\040\000f\000o\000n\000t\000s}{chapter.4}% 23
\BOOKMARK [0][-]{chapter.5}{\376\377\000U\000s\000e\000r\000\040\000I\000n\000t\000e\000r\000f\000a\000c\000e\000\040\000M\000o\000d\000i\000f\000i\000c\000a\000t\000i\000o\000n\000s}{}% 24
\BOOKMARK [1][-]{section.5.1}{\376\377\000M\000e\000n\000u\000\040\000i\000t\000e\000m\000s\000\040\000a\000n\000d\000\040\000m\000e\000n\000u\000s}{chapter.5}% 25
\BOOKMARK [1][-]{section.5.2}{\376\377\000T\000o\000o\000l\000b\000a\000r\000s}{chapter.5}% 26
\BOOKMARK [1][-]{section.5.3}{\376\377\000C\000u\000s\000t\000o\000m\000i\000z\000a\000t\000i\000o\000n\000\040\000o\000f\000\040\000A\000c\000r\000o\000b\000a\000t\000\040\000H\000e\000l\000p}{chapter.5}% 27
\BOOKMARK [0][-]{chapter.6}{\376\377\000A\000n\000n\000o\000t\000a\000t\000i\000o\000n\000s\000\040\000a\000n\000d\000\040\000O\000n\000l\000i\000n\000e\000\040\000C\000o\000l\000l\000a\000b\000o\000r\000a\000t\000i\000o\000n}{}% 28
\BOOKMARK [1][-]{section.6.1}{\376\377\000A\000b\000o\000u\000t\000\040\000a\000n\000n\000o\000t\000a\000t\000i\000o\000n\000s}{chapter.6}% 29
\BOOKMARK [1][-]{section.6.2}{\376\377\000N\000e\000w\000\040\000a\000n\000n\000o\000t\000a\000t\000i\000o\000n\000\040\000t\000y\000p\000e\000s}{chapter.6}% 30
\BOOKMARK [0][-]{chapter.7}{\376\377\000X\000M\000L\000\040\000a\000n\000d\000\040\000t\000h\000e\000\040\000A\000c\000r\000o\000b\000a\000t\000\040\000S\000D\000K}{}% 31
\BOOKMARK [1][-]{section.7.1}{\376\377\000A\000d\000o\000b\000e\000\040\000X\000M\000L\000\040\000a\000r\000c\000h\000i\000t\000e\000c\000t\000u\000r\000e}{chapter.7}% 32
\BOOKMARK [1][-]{section.7.2}{\376\377\000S\000O\000A\000P\000\040\000a\000n\000d\000\040\000w\000e\000b\000\040\000s\000e\000r\000v\000i\000c\000e\000s}{chapter.7}% 33
\BOOKMARK [1][-]{section.7.3}{\376\377\000C\000o\000n\000v\000e\000r\000s\000i\000o\000n\000\040\000o\000f\000\040\000P\000D\000F\000\040\000d\000o\000c\000u\000m\000e\000n\000t\000s\000\040\000t\000o\000\040\000X\000M\000L\000\040\000f\000o\000r\000m\000a\000t}{chapter.7}% 34
\BOOKMARK [1][-]{section.7.4}{\376\377\000X\000M\000L\000-\000b\000a\000s\000e\000d\000\040\000i\000n\000f\000o\000r\000m\000a\000t\000i\000o\000n}{chapter.7}% 35
\BOOKMARK [0][-]{chapter.8}{\376\377\000F\000o\000r\000m\000s\000\040\000a\000n\000d\000\040\000t\000h\000e\000\040\000A\000c\000r\000o\000b\000a\000t\000\040\000S\000D\000K}{}% 36
\BOOKMARK [1][-]{section.8.1}{\376\377\000W\000o\000r\000k\000f\000l\000o\000w\000s\000\040\000f\000o\000r\000\040\000f\000o\000r\000m\000s}{chapter.8}% 37
\BOOKMARK [1][-]{section.8.2}{\376\377\000A\000b\000o\000u\000t\000\040\000X\000M\000L\000\040\000f\000o\000r\000m\000s}{chapter.8}% 38
\BOOKMARK [1][-]{section.8.3}{\376\377\000A\000b\000o\000u\000t\000\040\000A\000c\000r\000o\000b\000a\000t\000\040\000f\000o\000r\000m\000s}{chapter.8}% 39
\BOOKMARK [0][-]{chapter.9}{\376\377\000M\000e\000t\000a\000d\000a\000t\000a\000,\000\040\000A\000c\000c\000e\000s\000s\000i\000b\000i\000l\000i\000t\000y\000,\000\040\000a\000n\000d\000\040\000P\000D\000F\000\040\000L\000a\000y\000e\000r\000s}{}% 40
\BOOKMARK [1][-]{section.9.1}{\376\377\000M\000e\000t\000a\000d\000a\000t\000a}{chapter.9}% 41
\BOOKMARK [1][-]{section.9.2}{\376\377\000A\000c\000c\000e\000s\000s\000i\000b\000i\000l\000i\000t\000y}{chapter.9}% 42
\BOOKMARK [1][-]{section.9.3}{\376\377\000P\000D\000F\000\040\000l\000a\000y\000e\000r\000s}{chapter.9}% 43
\BOOKMARK [0][-]{chapter.10}{\376\377\000S\000e\000a\000r\000c\000h\000i\000n\000g\000\040\000a\000n\000d\000\040\000I\000n\000d\000e\000x\000i\000n\000g}{}% 44
\BOOKMARK [1][-]{section.10.1}{\376\377\000S\000e\000a\000r\000c\000h\000\040\000p\000l\000u\000g\000-\000i\000n}{chapter.10}% 45
\BOOKMARK [1][-]{section.10.2}{\376\377\000I\000n\000d\000e\000x\000e\000s\000\040\000a\000n\000d\000\040\000t\000h\000e\000\040\000C\000a\000t\000a\000l\000o\000g\000\040\000p\000l\000u\000g\000-\000i\000n}{chapter.10}% 46
\BOOKMARK [0][-]{chapter.11}{\376\377\000F\000r\000e\000q\000u\000e\000n\000t\000l\000y\000\040\000A\000s\000k\000e\000d\000\040\000Q\000u\000e\000s\000t\000i\000o\000n\000s}{}% 47
\BOOKMARK [1][-]{section.11.1}{\376\377\000F\000o\000r\000m\000s}{chapter.11}% 48
\BOOKMARK [1][-]{section.11.2}{\376\377\000P\000D\000F\000\040\000d\000o\000c\000u\000m\000e\000n\000t\000s}{chapter.11}% 49
\BOOKMARK [1][-]{section.11.3}{\376\377\000F\000u\000l\000l\000-\000t\000e\000x\000t\000\040\000s\000e\000a\000r\000c\000h}{chapter.11}% 50
\BOOKMARK [1][-]{section.11.4}{\376\377\000H\000o\000w\000\040\000d\000o\000\040\000I\000\040\000u\000s\000e\000\040\000t\000h\000e\000\040\000W\000i\000n\000d\000o\000w\000s\000\040\000c\000o\000m\000m\000a\000n\000d\000\040\000l\000i\000n\000e\000?}{chapter.11}% 51
\BOOKMARK [1][-]{section.11.5}{\376\377\000H\000o\000w\000\040\000c\000a\000n\000\040\000I\000\040\000c\000u\000s\000t\000o\000m\000i\000z\000e\000\040\000t\000h\000e\000\040\000A\000c\000r\000o\000b\000a\000t\000\040\000i\000n\000s\000t\000a\000l\000l\000e\000r\000?}{chapter.11}% 52
