\BOOKMARK [0][-]{chapter.1}{\376\377\000A\000c\000r\000o\000b\000a\000t\000\040\000a\000n\000d\000\040\000P\000D\000F\000L\000\040\000S\000D\000K\000:\000\040\000J\000S\000\040\0003\000D\000\040\000A\000P\000I\000s}{}% 1
\BOOKMARK [1][-]{section.1.1}{\376\377\000O\000b\000j\000e\000c\000t\000\040\000o\000v\000e\000r\000v\000i\000e\000w}{chapter.1}% 2
\BOOKMARK [0][-]{chapter.2}{\376\377\000J\000a\000v\000a\000S\000c\000r\000i\000p\000t\000\040\000O\000b\000j\000e\000c\000t\000s\000\040\000f\000o\000r\000\040\000A\000c\000r\000o\000b\000a\000t\000\040\0003\000D}{}% 3
\BOOKMARK [1][-]{section.2.1}{\376\377\000A\000n\000i\000m\000a\000t\000i\000o\000n}{chapter.2}% 4
\BOOKMARK [1][-]{section.2.2}{\376\377\000B\000a\000c\000k\000g\000r\000o\000u\000n\000d}{chapter.2}% 5
\BOOKMARK [1][-]{section.2.3}{\376\377\000B\000o\000n\000e}{chapter.2}% 6
\BOOKMARK [1][-]{section.2.4}{\376\377\000B\000o\000u\000n\000d\000i\000n\000g\000B\000o\000x}{chapter.2}% 7
\BOOKMARK [1][-]{section.2.5}{\376\377\000C\000a\000m\000e\000r\000a}{chapter.2}% 8
\BOOKMARK [1][-]{section.2.6}{\376\377\000C\000a\000m\000e\000r\000a\000E\000v\000e\000n\000t}{chapter.2}% 9
\BOOKMARK [1][-]{section.2.7}{\376\377\000C\000a\000m\000e\000r\000a\000E\000v\000e\000n\000t\000H\000a\000n\000d\000l\000e\000r}{chapter.2}% 10
\BOOKMARK [1][-]{section.2.8}{\376\377\000C\000a\000n\000v\000a\000s}{chapter.2}% 11
\BOOKMARK [1][-]{section.2.9}{\376\377\000C\000l\000i\000p\000p\000i\000n\000g\000P\000l\000a\000n\000e}{chapter.2}% 12
\BOOKMARK [1][-]{section.2.10}{\376\377\000C\000o\000l\000o\000r}{chapter.2}% 13
\BOOKMARK [1][-]{section.2.11}{\376\377\000C\000o\000n\000s\000o\000l\000e}{chapter.2}% 14
\BOOKMARK [1][-]{section.2.12}{\376\377\000D\000u\000m\000m\000y}{chapter.2}% 15
\BOOKMARK [1][-]{section.2.13}{\376\377\000F\000l\000a\000s\000h\000E\000v\000e\000n\000t}{chapter.2}% 16
\BOOKMARK [1][-]{section.2.14}{\376\377\000F\000l\000a\000s\000h\000E\000v\000e\000n\000t\000H\000a\000n\000d\000l\000e\000r}{chapter.2}% 17
\BOOKMARK [1][-]{section.2.15}{\376\377\000F\000l\000a\000s\000h\000M\000o\000v\000i\000e}{chapter.2}% 18
\BOOKMARK [1][-]{section.2.16}{\376\377\000H\000i\000t\000I\000n\000f\000o}{chapter.2}% 19
\BOOKMARK [1][-]{section.2.17}{\376\377\000H\000o\000s\000t}{chapter.2}% 20
\BOOKMARK [1][-]{section.2.18}{\376\377\000I\000m\000a\000g\000e}{chapter.2}% 21
\BOOKMARK [1][-]{section.2.19}{\376\377\000K\000e\000y\000E\000v\000e\000n\000t}{chapter.2}% 22
\BOOKMARK [1][-]{section.2.20}{\376\377\000K\000e\000y\000E\000v\000e\000n\000t\000H\000a\000n\000d\000l\000e\000r}{chapter.2}% 23
\BOOKMARK [1][-]{section.2.21}{\376\377\000L\000i\000g\000h\000t}{chapter.2}% 24
\BOOKMARK [1][-]{section.2.22}{\376\377\000M\000a\000t\000e\000r\000i\000a\000l}{chapter.2}% 25
\BOOKMARK [1][-]{section.2.23}{\376\377\000M\000a\000t\000r\000i\000x\0004\000x\0004}{chapter.2}% 26
\BOOKMARK [1][-]{section.2.24}{\376\377\000M\000e\000n\000u\000E\000v\000e\000n\000t}{chapter.2}% 27
\BOOKMARK [1][-]{section.2.25}{\376\377\000M\000e\000n\000u\000E\000v\000e\000n\000t\000H\000a\000n\000d\000l\000e\000r}{chapter.2}% 28
\BOOKMARK [1][-]{section.2.26}{\376\377\000M\000e\000s\000h}{chapter.2}% 29
\BOOKMARK [1][-]{section.2.27}{\376\377\000M\000o\000u\000s\000e\000E\000v\000e\000n\000t}{chapter.2}% 30
\BOOKMARK [1][-]{section.2.28}{\376\377\000M\000o\000u\000s\000e\000E\000v\000e\000n\000t\000H\000a\000n\000d\000l\000e\000r}{chapter.2}% 31
\BOOKMARK [1][-]{section.2.29}{\376\377\000N\000o\000d\000e}{chapter.2}% 32
\BOOKMARK [1][-]{section.2.30}{\376\377\000P\000r\000o\000c\000e\000d\000u\000r\000a\000l}{chapter.2}% 33
\BOOKMARK [1][-]{section.2.31}{\376\377\000Q\000u\000a\000t\000e\000r\000n\000i\000o\000n}{chapter.2}% 34
\BOOKMARK [1][-]{section.2.32}{\376\377\000R\000e\000n\000d\000e\000r\000E\000v\000e\000n\000t}{chapter.2}% 35
\BOOKMARK [1][-]{section.2.33}{\376\377\000R\000e\000n\000d\000e\000r\000E\000v\000e\000n\000t\000H\000a\000n\000d\000l\000e\000r}{chapter.2}% 36
\BOOKMARK [1][-]{section.2.34}{\376\377\000R\000e\000n\000d\000e\000r\000O\000p\000t\000i\000o\000n\000s}{chapter.2}% 37
\BOOKMARK [1][-]{section.2.35}{\376\377\000R\000e\000s\000o\000u\000r\000c\000e}{chapter.2}% 38
\BOOKMARK [1][-]{section.2.36}{\376\377\000R\000u\000n\000t\000i\000m\000e}{chapter.2}% 39
\BOOKMARK [1][-]{section.2.37}{\376\377\000S\000c\000e\000n\000e}{chapter.2}% 40
\BOOKMARK [1][-]{section.2.38}{\376\377\000S\000c\000e\000n\000e\000O\000b\000j\000e\000c\000t}{chapter.2}% 41
\BOOKMARK [1][-]{section.2.39}{\376\377\000S\000c\000e\000n\000e\000O\000b\000j\000e\000c\000t\000L\000i\000s\000t}{chapter.2}% 42
\BOOKMARK [1][-]{section.2.40}{\376\377\000S\000c\000r\000o\000l\000l\000W\000h\000e\000e\000l\000E\000v\000e\000n\000t}{chapter.2}% 43
\BOOKMARK [1][-]{section.2.41}{\376\377\000S\000c\000r\000o\000l\000l\000W\000h\000e\000e\000l\000E\000v\000e\000n\000t\000H\000a\000n\000d\000l\000e\000r}{chapter.2}% 44
\BOOKMARK [1][-]{section.2.42}{\376\377\000S\000e\000l\000e\000c\000t\000i\000o\000n\000E\000v\000e\000n\000t}{chapter.2}% 45
\BOOKMARK [1][-]{section.2.43}{\376\377\000S\000e\000l\000e\000c\000t\000i\000o\000n\000E\000v\000e\000n\000t\000H\000a\000n\000d\000l\000e\000r}{chapter.2}% 46
\BOOKMARK [1][-]{section.2.44}{\376\377\000S\000t\000a\000t\000e\000E\000v\000e\000n\000t}{chapter.2}% 47
\BOOKMARK [1][-]{section.2.45}{\376\377\000S\000t\000a\000t\000e\000E\000v\000e\000n\000t\000H\000a\000n\000d\000l\000e\000r}{chapter.2}% 48
\BOOKMARK [1][-]{section.2.46}{\376\377\000T\000e\000x\000t\000u\000r\000e}{chapter.2}% 49
\BOOKMARK [1][-]{section.2.47}{\376\377\000T\000i\000m\000e\000E\000v\000e\000n\000t}{chapter.2}% 50
\BOOKMARK [1][-]{section.2.48}{\376\377\000T\000i\000m\000e\000E\000v\000e\000n\000t\000H\000a\000n\000d\000l\000e\000r}{chapter.2}% 51
\BOOKMARK [1][-]{section.2.49}{\376\377\000T\000o\000o\000l\000E\000v\000e\000n\000t}{chapter.2}% 52
\BOOKMARK [1][-]{section.2.50}{\376\377\000T\000o\000o\000l\000E\000v\000e\000n\000t\000H\000a\000n\000d\000l\000e\000r}{chapter.2}% 53
\BOOKMARK [1][-]{section.2.51}{\376\377\000V\000e\000c\000t\000o\000r\0003}{chapter.2}% 54
\BOOKMARK [1][-]{section.2.52}{\376\377\000V\000i\000e\000w}{chapter.2}% 55
