\BOOKMARK [0][-]{chapter.1}{\376\377\000A\000d\000o\000b\000e\000\040\000P\000D\000F\000\040\000C\000r\000e\000a\000t\000i\000o\000n\000\040\000S\000e\000t\000t\000i\000n\000g\000s}{}% 1
\BOOKMARK [1][-]{section.1.1}{\376\377\000T\000e\000r\000m\000i\000n\000o\000l\000o\000g\000y}{chapter.1}% 2
\BOOKMARK [1][-]{section.1.2}{\376\377\000O\000r\000g\000a\000n\000i\000z\000a\000t\000i\000o\000n\000\040\000o\000f\000\040\000s\000e\000t\000t\000i\000n\000g\000s\000\040\000f\000i\000l\000e\000s}{chapter.1}% 3
\BOOKMARK [1][-]{section.1.3}{\376\377\000N\000a\000m\000e\000s\000p\000a\000c\000e\000s}{chapter.1}% 4
\BOOKMARK [1][-]{section.1.4}{\376\377\000P\000r\000e\000d\000e\000f\000i\000n\000e\000d\000\040\000s\000e\000t\000t\000i\000n\000g\000s\000\040\000f\000i\000l\000e\000s}{chapter.1}% 5
\BOOKMARK [1][-]{section.1.5}{\376\377\000R\000e\000a\000d\000i\000n\000g\000\040\000a\000n\000d\000\040\000w\000r\000i\000t\000i\000n\000g\000\040\000s\000e\000t\000t\000i\000n\000g\000s\000\040\000f\000i\000l\000e\000s}{chapter.1}% 6
\BOOKMARK [1][-]{section.1.6}{\376\377\000H\000o\000w\000\040\000D\000i\000s\000t\000i\000l\000l\000e\000r\000\040\000u\000s\000e\000s\000\040\000A\000d\000o\000b\000e\000\040\000P\000D\000F\000\040\000s\000e\000t\000t\000i\000n\000g\000s}{chapter.1}% 7
\BOOKMARK [0][-]{chapter.2}{\376\377\000U\000s\000i\000n\000g\000\040\000P\000D\000F\000\040\000C\000r\000e\000a\000t\000i\000o\000n\000\040\000S\000e\000t\000t\000i\000n\000g\000s}{}% 8
\BOOKMARK [1][-]{section.2.1}{\376\377\000U\000s\000i\000n\000g\000\040\000t\000h\000e\000\040\000i\000m\000a\000g\000e\000\040\000s\000e\000t\000t\000i\000n\000g\000s}{chapter.2}% 9
\BOOKMARK [1][-]{section.2.2}{\376\377\000U\000s\000i\000n\000g\000\040\000t\000h\000e\000\040\000f\000o\000n\000t\000\040\000s\000e\000t\000t\000i\000n\000g\000s}{chapter.2}% 10
\BOOKMARK [1][-]{section.2.3}{\376\377\000U\000s\000i\000n\000g\000\040\000t\000h\000e\000\040\000c\000o\000l\000o\000r\000\040\000c\000o\000n\000v\000e\000r\000s\000i\000o\000n\000\040\000s\000e\000t\000t\000i\000n\000g\000s}{chapter.2}% 11
\BOOKMARK [1][-]{section.2.4}{\376\377\000U\000s\000i\000n\000g\000\040\000t\000h\000e\000\040\000a\000d\000v\000a\000n\000c\000e\000d\000\040\000A\000d\000o\000b\000e\000\040\000P\000D\000F\000\040\000s\000e\000t\000t\000i\000n\000g\000s}{chapter.2}% 12
\BOOKMARK [1][-]{section.2.5}{\376\377\000U\000s\000i\000n\000g\000\040\000t\000h\000e\000\040\000s\000t\000a\000n\000d\000a\000r\000d\000s\000\040\000s\000e\000t\000t\000i\000n\000g\000s}{chapter.2}% 13
\BOOKMARK [0][-]{chapter.3}{\376\377\000C\000o\000m\000m\000o\000n\000\040\000P\000D\000F\000\040\000S\000e\000t\000t\000i\000n\000g\000s}{}% 14
\BOOKMARK [1][-]{section.3.1}{\376\377\000S\000e\000t\000t\000i\000n\000g\000s\000\040\000d\000e\000s\000c\000r\000i\000p\000t\000i\000o\000n\000s}{chapter.3}% 15
\BOOKMARK [1][-]{section.3.2}{\376\377\000G\000e\000n\000e\000r\000a\000l\000\040\000s\000e\000t\000t\000i\000n\000g\000s}{chapter.3}% 16
\BOOKMARK [1][-]{section.3.3}{\376\377\000I\000m\000a\000g\000e\000\040\000s\000e\000t\000t\000i\000n\000g\000s}{chapter.3}% 17
\BOOKMARK [1][-]{section.3.4}{\376\377\000C\000o\000l\000o\000r\000\040\000i\000m\000a\000g\000e\000\040\000s\000e\000t\000t\000i\000n\000g\000s}{chapter.3}% 18
\BOOKMARK [1][-]{section.3.5}{\376\377\000G\000r\000a\000y\000s\000c\000a\000l\000e\000\040\000i\000m\000a\000g\000e\000\040\000s\000e\000t\000t\000i\000n\000g\000s}{chapter.3}% 19
\BOOKMARK [1][-]{section.3.6}{\376\377\000M\000o\000n\000o\000c\000h\000r\000o\000m\000e\000\040\000i\000m\000a\000g\000e\000\040\000s\000e\000t\000t\000i\000n\000g\000s}{chapter.3}% 20
\BOOKMARK [1][-]{section.3.7}{\376\377\000P\000a\000g\000e\000\040\000C\000o\000m\000p\000r\000e\000s\000s\000i\000o\000n\000\040\000S\000e\000t\000t\000i\000n\000g}{chapter.3}% 21
\BOOKMARK [1][-]{section.3.8}{\376\377\000F\000o\000n\000t\000\040\000s\000e\000t\000t\000i\000n\000g\000s}{chapter.3}% 22
\BOOKMARK [1][-]{section.3.9}{\376\377\000C\000o\000l\000o\000r\000\040\000c\000o\000n\000v\000e\000r\000s\000i\000o\000n\000\040\000s\000e\000t\000t\000i\000n\000g\000s}{chapter.3}% 23
\BOOKMARK [1][-]{section.3.10}{\376\377\000A\000d\000v\000a\000n\000c\000e\000d\000\040\000A\000d\000o\000b\000e\000\040\000P\000D\000F\000\040\000s\000e\000t\000t\000i\000n\000g\000s}{chapter.3}% 24
\BOOKMARK [1][-]{section.3.11}{\376\377\000S\000t\000a\000n\000d\000a\000r\000d\000s\000\040\000s\000e\000t\000t\000i\000n\000g\000s}{chapter.3}% 25
\BOOKMARK [0][-]{chapter.4}{\376\377\000O\000t\000h\000e\000r\000\040\000N\000a\000m\000e\000s\000p\000a\000c\000e\000s}{}% 26
\BOOKMARK [1][-]{section.4.1}{\376\377\000C\000r\000e\000a\000t\000i\000v\000e\000S\000u\000i\000t\000e\000\040\000n\000a\000m\000e\000s\000p\000a\000c\000e\000\040\000s\000e\000t\000t\000i\000n\000g\000s}{chapter.4}% 27
\BOOKMARK [1][-]{section.4.2}{\376\377\000I\000n\000D\000e\000s\000i\000g\000n\000\040\000n\000a\000m\000e\000s\000p\000a\000c\000e\000\040\000s\000e\000t\000t\000i\000n\000g\000s}{chapter.4}% 28
\BOOKMARK [0][-]{chapter.5}{\376\377\000C\000o\000n\000v\000e\000r\000s\000i\000o\000n\000s\000\040\000R\000e\000l\000a\000t\000e\000d\000\040\000t\000o\000\040\000J\000D\000F}{}% 29
\BOOKMARK [1][-]{section.5.1}{\376\377\000C\000r\000e\000a\000t\000i\000o\000n\000\040\000o\000f\000\040\000t\000h\000e\000\040\000b\000a\000s\000i\000c\000\040\000J\000D\000F\000\040\000f\000i\000l\000e}{chapter.5}% 30
\BOOKMARK [1][-]{section.5.2}{\376\377\000R\000e\000p\000r\000e\000s\000e\000n\000t\000a\000t\000i\000o\000n\000\040\000o\000f\000\040\000P\000o\000s\000t\000S\000c\000r\000i\000p\000t\000\040\000k\000e\000y\000s\000\040\000a\000s\000\040\000J\000D\000F\000\040\000e\000n\000t\000r\000i\000e\000s}{chapter.5}% 31
\BOOKMARK [1][-]{section.5.3}{\376\377\000M\000a\000p\000p\000i\000n\000g\000\040\000o\000f\000\040\000D\000S\000C\000\040\000c\000o\000m\000m\000e\000n\000t\000s\000\040\000i\000n\000t\000o\000\040\000J\000D\000F\000\040\000e\000l\000e\000m\000e\000n\000t\000s\000\040\000a\000n\000d\000\040\000a\000t\000t\000r\000i\000b\000u\000t\000e\000s}{chapter.5}% 32
\BOOKMARK [1][-]{section.5.4}{\376\377\000M\000a\000p\000p\000i\000n\000g\000\040\000o\000f\000\040\000p\000a\000r\000a\000m\000e\000t\000e\000r\000s\000\040\000i\000n\000t\000o\000\040\000J\000D\000F\000\040\000e\000l\000e\000m\000e\000n\000t\000s\000\040\000a\000n\000d\000\040\000a\000t\000t\000r\000i\000b\000u\000t\000e\000s}{chapter.5}% 33
