\BOOKMARK [0][-]{chapter.1}{\376\377\000P\000D\000F\000M\000a\000r\000k\000\040\000R\000e\000f\000e\000r\000e\000n\000c\000e}{}% 1
\BOOKMARK [1][-]{section.1.1}{\376\377\000W\000h\000a\000t\040\031\000s\000\040\000i\000n\000\040\000t\000h\000i\000s\000\040\000g\000u\000i\000d\000e\000?}{chapter.1}% 2
\BOOKMARK [1][-]{section.1.2}{\376\377\000W\000h\000o\000\040\000s\000h\000o\000u\000l\000d\000\040\000r\000e\000a\000d\000\040\000t\000h\000i\000s\000\040\000g\000u\000i\000d\000e\000?}{chapter.1}% 3
\BOOKMARK [0][-]{chapter.2}{\376\377\000I\000n\000t\000r\000o\000d\000u\000c\000t\000i\000o\000n}{}% 4
\BOOKMARK [1][-]{section.2.1}{\376\377\000S\000y\000n\000t\000a\000x\000\040\000o\000f\000\040\000p\000d\000f\000m\000a\000r\000k\000\040\000o\000p\000e\000r\000a\000t\000o\000r\000s}{chapter.2}% 5
\BOOKMARK [1][-]{section.2.2}{\376\377\000U\000s\000a\000g\000e\000\040\000w\000i\000t\000h\000\040\000s\000t\000a\000n\000d\000a\000r\000d\000\040\000P\000o\000s\000t\000S\000c\000r\000i\000p\000t\000\040\000i\000n\000t\000e\000r\000p\000r\000e\000t\000e\000r\000s}{chapter.2}% 6
\BOOKMARK [1][-]{section.2.3}{\376\377\000S\000y\000n\000t\000a\000x\000\040\000f\000o\000r\000\040\000p\000r\000i\000v\000a\000t\000e\000\040\000k\000e\000y\000s}{chapter.2}% 7
\BOOKMARK [1][-]{section.2.4}{\376\377\000N\000a\000m\000e\000d\000\040\000o\000b\000j\000e\000c\000t\000s}{chapter.2}% 8
\BOOKMARK [0][-]{chapter.3}{\376\377\000B\000a\000s\000i\000c\000\040\000F\000e\000a\000t\000u\000r\000e\000s}{}% 9
\BOOKMARK [1][-]{section.3.1}{\376\377\000A\000n\000n\000o\000t\000a\000t\000i\000o\000n\000s\000\040\000\050\000A\000N\000N\000\051}{chapter.3}% 10
\BOOKMARK [1][-]{section.3.2}{\376\377\000A\000r\000t\000i\000c\000l\000e\000s\000\040\000\050\000A\000R\000T\000I\000C\000L\000E\000\051}{chapter.3}% 11
\BOOKMARK [1][-]{section.3.3}{\376\377\000B\000o\000o\000k\000m\000a\000r\000k\000s\000\040\000\050\000O\000U\000T\000\051}{chapter.3}% 12
\BOOKMARK [1][-]{section.3.4}{\376\377\000D\000o\000c\000u\000m\000e\000n\000t\000\040\000I\000n\000f\000o\000\040\000d\000i\000c\000t\000i\000o\000n\000a\000r\000y\000\040\000\050\000D\000O\000C\000I\000N\000F\000O\000\051}{chapter.3}% 13
\BOOKMARK [1][-]{section.3.5}{\376\377\000D\000o\000c\000u\000m\000e\000n\000t\000\040\000o\000p\000e\000n\000\040\000o\000p\000t\000i\000o\000n\000s\000\040\000\050\000D\000O\000C\000V\000I\000E\000W\000\051}{chapter.3}% 14
\BOOKMARK [1][-]{section.3.6}{\376\377\000E\000m\000b\000e\000d\000d\000e\000d\000\040\000f\000i\000l\000e\000\040\000c\000o\000n\000t\000e\000n\000t\000\040\000\050\000E\000M\000B\000E\000D\000\051}{chapter.3}% 15
\BOOKMARK [1][-]{section.3.7}{\376\377\000G\000r\000a\000p\000h\000i\000c\000s\000\040\000e\000n\000c\000a\000p\000s\000u\000l\000a\000t\000i\000o\000n\000\040\000\050\000B\000P\000,\000\040\000E\000P\000,\000\040\000S\000P\000\051}{chapter.3}% 16
\BOOKMARK [1][-]{section.3.8}{\376\377\000M\000a\000r\000k\000e\000d\000\040\000c\000o\000n\000t\000e\000n\000t\000\040\000\050\000M\000P\000,\000\040\000D\000P\000,\000\040\000B\000M\000C\000,\000\040\000B\000D\000C\000,\000\040\000E\000M\000C\000\051}{chapter.3}% 17
\BOOKMARK [1][-]{section.3.9}{\376\377\000M\000e\000t\000a\000d\000a\000t\000a\000\040\000\050\000M\000e\000t\000a\000d\000a\000t\000a\000\051}{chapter.3}% 18
\BOOKMARK [1][-]{section.3.10}{\376\377\000N\000a\000m\000e\000d\000\040\000i\000m\000a\000g\000e\000s\000\040\000\050\000N\000I\000\051}{chapter.3}% 19
\BOOKMARK [1][-]{section.3.11}{\376\377\000P\000a\000g\000e\000\040\000c\000r\000o\000p\000s\000\040\000\050\000P\000A\000G\000E\000,\000\040\000P\000A\000G\000E\000S\000\051}{chapter.3}% 20
\BOOKMARK [1][-]{section.3.12}{\376\377\000P\000a\000g\000e\000\040\000l\000a\000b\000e\000l\000\040\000a\000n\000d\000\040\000p\000l\000a\000t\000e\000\040\000c\000o\000l\000o\000r\000\040\000\050\000P\000A\000G\000E\000L\000A\000B\000E\000L\000\051}{chapter.3}% 21
\BOOKMARK [1][-]{section.3.13}{\376\377\000T\000r\000a\000n\000s\000p\000a\000r\000e\000n\000c\000y\000\040\000\050\000S\000e\000t\000T\000r\000a\000n\000s\000p\000a\000r\000e\000n\000c\000y\000\051}{chapter.3}% 22
\BOOKMARK [0][-]{chapter.4}{\376\377\000A\000c\000t\000i\000o\000n\000s\000\040\000a\000n\000d\000\040\000D\000e\000s\000t\000i\000n\000a\000t\000i\000o\000n\000s}{}% 23
\BOOKMARK [1][-]{section.4.1}{\376\377\000A\000c\000t\000i\000o\000n\000s}{chapter.4}% 24
\BOOKMARK [1][-]{section.4.2}{\376\377\000D\000e\000s\000t\000i\000n\000a\000t\000i\000o\000n\000s}{chapter.4}% 25
\BOOKMARK [0][-]{chapter.5}{\376\377\000L\000o\000g\000i\000c\000a\000l\000\040\000S\000t\000r\000u\000c\000t\000u\000r\000e}{}% 26
\BOOKMARK [1][-]{section.5.1}{\376\377\000E\000l\000e\000m\000e\000n\000t\000s\000\040\000a\000n\000d\000\040\000p\000a\000r\000e\000n\000t\000s}{chapter.5}% 27
\BOOKMARK [1][-]{section.5.2}{\376\377\000S\000t\000r\000u\000c\000t\000u\000r\000e\000\040\000o\000p\000e\000r\000a\000t\000o\000r\000s}{chapter.5}% 28
\BOOKMARK [1][-]{section.5.3}{\376\377\000S\000t\000r\000u\000c\000t\000u\000r\000e\000\040\000T\000r\000e\000e\000\040\000R\000o\000o\000t}{chapter.5}% 29
\BOOKMARK [1][-]{section.5.4}{\376\377\000E\000l\000e\000m\000e\000n\000t\000s}{chapter.5}% 30
\BOOKMARK [1][-]{section.5.5}{\376\377\000E\000l\000e\000m\000e\000n\000t\000\040\000c\000o\000n\000t\000e\000n\000t}{chapter.5}% 31
\BOOKMARK [1][-]{section.5.6}{\376\377\000A\000t\000t\000r\000i\000b\000u\000t\000e\000\040\000o\000b\000j\000e\000c\000t\000s}{chapter.5}% 32
\BOOKMARK [1][-]{section.5.7}{\376\377\000S\000t\000o\000r\000a\000g\000e\000\040\000a\000n\000d\000\040\000r\000e\000t\000r\000i\000e\000v\000a\000l\000\040\000o\000f\000\040\000t\000h\000e\000\040\000i\000m\000p\000l\000i\000c\000i\000t\000\040\000p\000a\000r\000e\000n\000t\000\040\000s\000t\000a\000c\000k}{chapter.5}% 33
\BOOKMARK [1][-]{section.5.8}{\376\377\000E\000P\000S\000\040\000c\000o\000n\000s\000i\000d\000e\000r\000a\000t\000i\000o\000n\000s}{chapter.5}% 34
\BOOKMARK [1][-]{section.5.9}{\376\377\000T\000a\000g\000g\000e\000d\000\040\000P\000D\000F}{chapter.5}% 35
\BOOKMARK [0][-]{chapter.6}{\376\377\000E\000x\000a\000m\000p\000l\000e\000s}{}% 36
\BOOKMARK [1][-]{section.6.1}{\376\377\000B\000u\000i\000l\000d\000i\000n\000g\000\040\000a\000n\000\040\000O\000u\000t\000p\000u\000t\000\040\000I\000n\000t\000e\000n\000t\000s\000\040\000a\000r\000r\000a\000y}{chapter.6}% 37
\BOOKMARK [1][-]{section.6.2}{\376\377\000N\000a\000m\000e\000d\000\040\000o\000b\000j\000e\000c\000t\000\040\000e\000x\000a\000m\000p\000l\000e\000s}{chapter.6}% 38
\BOOKMARK [1][-]{section.6.3}{\376\377\000F\000o\000r\000m\000s\000\040\000e\000x\000a\000m\000p\000l\000e\000s}{chapter.6}% 39
\BOOKMARK [1][-]{section.6.4}{\376\377\000S\000t\000r\000u\000c\000t\000u\000r\000e\000\040\000e\000x\000a\000m\000p\000l\000e\000s}{chapter.6}% 40
\BOOKMARK [0][-]{chapter.7}{\376\377\000J\000D\000F\000\040\000F\000e\000a\000t\000u\000r\000e\000s}{}% 41
\BOOKMARK [1][-]{section.7.1}{\376\377\000S\000y\000n\000t\000a\000x}{chapter.7}% 42
\BOOKMARK [1][-]{section.7.2}{\376\377\000X\000P\000a\000t\000h\000\040\000E\000x\000a\000m\000p\000l\000e\000s}{chapter.7}% 43
\BOOKMARK [0][-]{chapter.8}{\376\377\000D\000i\000s\000t\000i\000l\000l\000i\000n\000g\000\040\000O\000p\000t\000i\000o\000n\000a\000l\000\040\000C\000o\000n\000t\000e\000n\000t}{}% 44
\BOOKMARK [1][-]{section.8.1}{\376\377\000I\000n\000i\000t\000i\000a\000l\000i\000z\000a\000t\000i\000o\000n\000\040\000a\000n\000d\000\040\000t\000e\000r\000m\000i\000n\000a\000t\000i\000o\000n\000\040\000c\000o\000d\000e}{chapter.8}% 45
\BOOKMARK [1][-]{section.8.2}{\376\377\000P\000r\000o\000c\000e\000d\000u\000r\000e\000\040\000d\000e\000f\000i\000n\000i\000t\000i\000o\000n\000s}{chapter.8}% 46
