\BOOKMARK [0][-]{chapter.1}{\376\377\000A\000c\000r\000o\000b\000a\000t\000\040\000a\000n\000d\000\040\000P\000D\000F\000L\000\040\000S\000a\000m\000p\000l\000e\000s\000\040\000G\000u\000i\000d\000e}{}% 1
\BOOKMARK [0][-]{chapter.2}{\376\377\000P\000l\000u\000g\000i\000n\000\040\000S\000a\000m\000p\000l\000e\000s}{}% 2
\BOOKMARK [1][-]{section.2.1}{\376\377\000B\000a\000s\000i\000c\000P\000l\000u\000g\000i\000n}{chapter.2}% 3
\BOOKMARK [1][-]{section.2.2}{\376\377\000B\000a\000t\000e\000s\000N\000u\000m\000b\000e\000r\000i\000n\000g}{chapter.2}% 4
\BOOKMARK [1][-]{section.2.3}{\376\377\000C\000a\000p\000i\000S\000a\000m\000p\000l\000e\000s}{chapter.2}% 5
\BOOKMARK [1][-]{section.2.4}{\376\377\000D\000d\000e\000S\000e\000r\000v\000e\000r}{chapter.2}% 6
\BOOKMARK [1][-]{section.2.5}{\376\377\000D\000M\000S\000I\000n\000t\000e\000g\000r\000a\000t\000i\000o\000n}{chapter.2}% 7
\BOOKMARK [1][-]{section.2.6}{\376\377\000D\000o\000c\000S\000i\000g\000n}{chapter.2}% 8
\BOOKMARK [1][-]{section.2.7}{\376\377\000E\000m\000b\000e\000d\0003\000D\000D\000a\000t\000a}{chapter.2}% 9
\BOOKMARK [1][-]{section.2.8}{\376\377\000R\000p\000l\000c\000F\000i\000l\000e\000S\000y\000s\000t\000e\000m}{chapter.2}% 10
\BOOKMARK [1][-]{section.2.9}{\376\377\000S\000a\000m\000p\000l\000e\000E\000x\000t\000n}{chapter.2}% 11
\BOOKMARK [1][-]{section.2.10}{\376\377\000S\000e\000l\000e\000c\000t\000i\000o\000n\000S\000e\000r\000v\000e\000r}{chapter.2}% 12
\BOOKMARK [1][-]{section.2.11}{\376\377\000S\000n\000i\000p\000p\000e\000t\000\040\000R\000u\000n\000n\000e\000r}{chapter.2}% 13
\BOOKMARK [1][-]{section.2.12}{\376\377\000S\000t\000a\000m\000p\000e\000r}{chapter.2}% 14
\BOOKMARK [1][-]{section.2.13}{\376\377\000S\000t\000a\000r\000t\000e\000r}{chapter.2}% 15
\BOOKMARK [1][-]{section.2.14}{\376\377\000U\000n\000c\000o\000m\000p\000r\000e\000s\000s\000P\000D\000F}{chapter.2}% 16
\BOOKMARK [1][-]{section.2.15}{\376\377\000W\000e\000b\000l\000i\000n\000k\000D\000e\000m\000o}{chapter.2}% 17
\BOOKMARK [1][-]{section.2.16}{\376\377\000w\000x\000P\000l\000u\000g\000i\000n}{chapter.2}% 18
\BOOKMARK [1][-]{section.2.17}{\376\377\000C\000u\000s\000t\000o\000m\000T\000o\000o\000l}{chapter.2}% 19
\BOOKMARK [0][-]{chapter.3}{\376\377\000J\000a\000v\000a\000S\000c\000r\000i\000p\000t\000\040\000S\000a\000m\000p\000l\000e\000s}{}% 20
\BOOKMARK [1][-]{section.3.1}{\376\377\000J\000a\000v\000a\000S\000c\000r\000i\000p\000t\000\040\000S\000a\000m\000p\000l\000e\000s\000\040\000P\000o\000r\000t\000f\000o\000l\000i\000o}{chapter.3}% 21
\BOOKMARK [1][-]{section.3.2}{\376\377\000A\000d\000d\000S\000i\000g\000n\000a\000t\000u\000r\000e}{chapter.3}% 22
\BOOKMARK [1][-]{section.3.3}{\376\377\000A\000d\000d\000T\000o\000o\000l\000b\000a\000r\000B\000u\000t\000t\000o\000n}{chapter.3}% 23
\BOOKMARK [1][-]{section.3.4}{\376\377\000A\000n\000n\000o\000t\000a\000t\000e\000d\000W\000o\000r\000d\000s}{chapter.3}% 24
\BOOKMARK [1][-]{section.3.5}{\376\377\000A\000n\000n\000o\000t\000S\000a\000m\000p\000l\000e}{chapter.3}% 25
\BOOKMARK [1][-]{section.3.6}{\376\377\000C\000a\000l\000l\000M\000e\000d\000i\000a\000A\000c\000t\000i\000o\000n\000S\000c\000r\000i\000p\000t}{chapter.3}% 26
\BOOKMARK [1][-]{section.3.7}{\376\377\000C\000o\000n\000v\000e\000r\000t\000D\000a\000t\000e}{chapter.3}% 27
\BOOKMARK [1][-]{section.3.8}{\376\377\000D\000e\000l\000e\000t\000e\000N\000o\000C\000o\000m\000m\000e\000n\000t\000P\000a\000g\000e\000s}{chapter.3}% 28
\BOOKMARK [1][-]{section.3.9}{\376\377\000E\000v\000e\000n\000t\000S\000t\000a\000t\000e}{chapter.3}% 29
\BOOKMARK [1][-]{section.3.10}{\376\377\000G\000o\000T\000o\000B\000o\000o\000k\000m\000a\000r\000k}{chapter.3}% 30
\BOOKMARK [1][-]{section.3.11}{\376\377\000J\000S\000C\000o\000l\000l\000e\000c\000t\000i\000o\000n}{chapter.3}% 31
\BOOKMARK [1][-]{section.3.12}{\376\377\000J\000S\000C\000o\000l\000l\000e\000c\000t\000i\000o\000n\000D\000e\000m\000o}{chapter.3}% 32
\BOOKMARK [1][-]{section.3.13}{\376\377\000O\000C\000G\000L\000a\000y\000e\000r\000C\000o\000n\000t\000r\000o\000l}{chapter.3}% 33
\BOOKMARK [1][-]{section.3.14}{\376\377\000P\000r\000e\000s\000e\000n\000t\000a\000t\000i\000o\000n\000M\000o\000n\000i\000t\000o\000r}{chapter.3}% 34
\BOOKMARK [1][-]{section.3.15}{\376\377\000P\000r\000e\000s\000e\000n\000t\000a\000t\000i\000o\000n\000N\000o\000t\000e}{chapter.3}% 35
\BOOKMARK [1][-]{section.3.16}{\376\377\000R\000u\000n\000M\000e\000d\000i\000a\000P\000l\000a\000y\000e\000r\000s}{chapter.3}% 36
\BOOKMARK [1][-]{section.3.17}{\376\377\000S\000c\000r\000i\000p\000t\000E\000v\000e\000n\000t\000s}{chapter.3}% 37
\BOOKMARK [1][-]{section.3.18}{\376\377\000S\000i\000l\000e\000n\000t\000P\000r\000i\000n\000t}{chapter.3}% 38
\BOOKMARK [1][-]{section.3.19}{\376\377\000S\000t\000o\000r\000e\000F\000o\000r\000m\000D\000a\000t\000a}{chapter.3}% 39
\BOOKMARK [1][-]{section.3.20}{\376\377\000T\000e\000x\000t\000E\000x\000t\000r\000a\000c\000t}{chapter.3}% 40
\BOOKMARK [1][-]{section.3.21}{\376\377\000T\000w\000o\000P\000a\000r\000t\000I\000n\000v\000e\000n\000t\000i\000o\000n}{chapter.3}% 41
\BOOKMARK [0][-]{chapter.4}{\376\377\000M\000a\000c\000\040\000O\000S\000\040\000-\000\040\000I\000n\000t\000e\000r\000a\000p\000p\000l\000i\000c\000a\000t\000i\000o\000n\000\040\000C\000o\000m\000m\000u\000n\000i\000c\000a\000t\000i\000o\000n\000s}{}% 42
\BOOKMARK [1][-]{section.4.1}{\376\377\000D\000i\000s\000t\000i\000l\000l\000e\000r\000C\000o\000n\000t\000r\000o\000l}{chapter.4}% 43
\BOOKMARK [1][-]{section.4.2}{\376\377\000O\000b\000j\000e\000c\000t\000P\000r\000o\000p\000e\000r\000t\000i\000e\000s}{chapter.4}% 44
\BOOKMARK [1][-]{section.4.3}{\376\377\000P\000r\000i\000n\000t\000P\000a\000g\000e}{chapter.4}% 45
\BOOKMARK [1][-]{section.4.4}{\376\377\000R\000o\000t\000a\000t\000e\000P\000a\000g\000e\000s}{chapter.4}% 46
\BOOKMARK [1][-]{section.4.5}{\376\377\000S\000e\000l\000e\000c\000t\000T\000e\000x\000t}{chapter.4}% 47
\BOOKMARK [1][-]{section.4.6}{\376\377\000W\000a\000t\000e\000r\000m\000a\000r\000k\000J\000s\000o\000A\000S}{chapter.4}% 48
\BOOKMARK [0][-]{chapter.5}{\376\377\000W\000i\000n\000d\000o\000w\000s\000\040\000-\000\040\000I\000n\000t\000e\000r\000a\000p\000p\000l\000i\000c\000a\000t\000i\000o\000n\000\040\000C\000o\000m\000m\000u\000n\000i\000c\000a\000t\000i\000o\000n\000s}{}% 49
\BOOKMARK [1][-]{section.5.1}{\376\377\000A\000c\000r\000o\000b\000a\000t\000A\000c\000t\000i\000v\000e\000X\000V\000B}{chapter.5}% 50
\BOOKMARK [1][-]{section.5.2}{\376\377\000A\000c\000r\000o\000P\000D\000F\000I\000n\000H\000T\000M\000L}{chapter.5}% 51
\BOOKMARK [1][-]{section.5.3}{\376\377\000A\000c\000t\000i\000v\000e\000V\000i\000e\000w\000V\000B}{chapter.5}% 52
\BOOKMARK [1][-]{section.5.4}{\376\377\000A\000c\000t\000i\000v\000e\000V\000i\000e\000w\000V\000C}{chapter.5}% 53
\BOOKMARK [1][-]{section.5.5}{\376\377\000A\000d\000o\000b\000e\000P\000D\000F\000S\000i\000l\000e\000n\000t\000V\000B}{chapter.5}% 54
\BOOKMARK [1][-]{section.5.6}{\376\377\000B\000a\000s\000i\000c\000I\000a\000c\000C\000S}{chapter.5}% 55
\BOOKMARK [1][-]{section.5.7}{\376\377\000B\000a\000s\000i\000c\000I\000a\000c\000J\000s\000o\000V\000B}{chapter.5}% 56
\BOOKMARK [1][-]{section.5.8}{\376\377\000B\000a\000s\000i\000c\000I\000a\000c\000O\000C\000X\000C\000S}{chapter.5}% 57
\BOOKMARK [1][-]{section.5.9}{\376\377\000B\000a\000s\000i\000c\000I\000A\000C\000V\000B}{chapter.5}% 58
\BOOKMARK [1][-]{section.5.10}{\376\377\000B\000a\000s\000i\000c\000I\000a\000c\000V\000C}{chapter.5}% 59
\BOOKMARK [1][-]{section.5.11}{\376\377\000D\000d\000e\000O\000p\000e\000n\000V\000C}{chapter.5}% 60
\BOOKMARK [1][-]{section.5.12}{\376\377\000D\000i\000s\000t\000i\000l\000l\000e\000r\000C\000t\000r\000l\000V\000B}{chapter.5}% 61
\BOOKMARK [1][-]{section.5.13}{\376\377\000D\000i\000s\000t\000i\000l\000l\000e\000r\000C\000t\000r\000l\000V\000C}{chapter.5}% 62
\BOOKMARK [1][-]{section.5.14}{\376\377\000D\000i\000s\000t\000i\000l\000l\000e\000r\000C\000t\000r\000l\000W\000M\000V\000C}{chapter.5}% 63
\BOOKMARK [1][-]{section.5.15}{\376\377\000E\000x\000e\000c\000u\000t\000e\000S\000c\000r\000i\000p\000t\000I\000a\000c\000V\000B}{chapter.5}% 64
\BOOKMARK [1][-]{section.5.16}{\376\377\000F\000i\000l\000l\000F\000o\000r\000m\000C\000S}{chapter.5}% 65
\BOOKMARK [1][-]{section.5.17}{\376\377\000F\000o\000r\000m\000s\000A\000u\000t\000o\000m\000a\000t\000i\000o\000n\000V\000B}{chapter.5}% 66
\BOOKMARK [1][-]{section.5.18}{\376\377\000J\000S\000O\000b\000j\000e\000c\000t\000A\000c\000c\000e\000s\000s\000V\000B}{chapter.5}% 67
\BOOKMARK [1][-]{section.5.19}{\376\377\000J\000S\000O\000b\000j\000e\000c\000t\000C\000o\000n\000t\000r\000o\000l\000C\000S}{chapter.5}% 68
\BOOKMARK [1][-]{section.5.20}{\376\377\000J\000S\000O\000F\000i\000n\000d\000W\000o\000r\000d\000V\000B}{chapter.5}% 69
\BOOKMARK [1][-]{section.5.21}{\376\377\000R\000e\000m\000o\000t\000e\000C\000o\000n\000t\000r\000o\000l\000A\000c\000r\000o\000b\000a\000t\000V\000C}{chapter.5}% 70
\BOOKMARK [1][-]{section.5.22}{\376\377\000S\000e\000a\000r\000c\000h\000P\000d\000f\000V\000B}{chapter.5}% 71
\BOOKMARK [1][-]{section.5.23}{\376\377\000S\000t\000a\000t\000i\000c\000V\000i\000e\000w\000V\000B}{chapter.5}% 72
\BOOKMARK [1][-]{section.5.24}{\376\377\000S\000t\000a\000t\000i\000c\000V\000i\000e\000w\000V\000C}{chapter.5}% 73
\BOOKMARK [1][-]{section.5.25}{\376\377\000W\000a\000t\000e\000r\000m\000a\000r\000k\000J\000s\000o\000V\000B}{chapter.5}% 74
\BOOKMARK [0][-]{chapter.6}{\376\377\000N\000a\000v\000i\000g\000a\000t\000o\000r\000\040\000S\000a\000m\000p\000l\000e\000s}{}% 75
\BOOKMARK [1][-]{section.6.1}{\376\377\000N\000a\000v\000i\000g\000a\000t\000o\000r\000s}{chapter.6}% 76
\BOOKMARK [0][-]{chapter.7}{\376\377\000T\000o\000o\000l\000s}{}% 77
\BOOKMARK [1][-]{section.7.1}{\376\377\000P\000l\000u\000g\000i\000n\000\040\000W\000i\000z\000a\000r\000d}{chapter.7}% 78
\BOOKMARK [1][-]{section.7.2}{\376\377\000S\000h\000o\000w\000P\000e\000r\000m\000i\000s\000s\000i\000o\000n\000s}{chapter.7}% 79
