\BOOKMARK [0][-]{chapter.1}{\376\377\000I\000n\000t\000r\000o\000d\000u\000c\000t\000i\000o\000n\000\040\000t\000o\000\040\000P\000l\000u\000g\000i\000n\000\040\000D\000e\000v\000e\000l\000o\000p\000m\000e\000n\000t}{}% 1
\BOOKMARK [1][-]{section.1.1}{\376\377\000A\000b\000o\000u\000t\000\040\000p\000l\000u\000g\000i\000n\000s}{chapter.1}% 2
\BOOKMARK [1][-]{section.1.2}{\376\377\000A\000b\000o\000u\000t\000\040\000t\000h\000e\000\040\000A\000c\000r\000o\000b\000a\000t\000\040\000c\000o\000r\000e\000\040\000A\000P\000I}{chapter.1}% 3
\BOOKMARK [2][-]{subsection.1.2.1}{\376\377\000A\000c\000r\000o\000b\000a\000t\000\040\000V\000i\000e\000w\000e\000r\000\040\000l\000a\000y\000e\000r}{section.1.2}% 4
\BOOKMARK [2][-]{subsection.1.2.2}{\376\377\000P\000o\000r\000t\000a\000b\000l\000e\000\040\000D\000o\000c\000u\000m\000e\000n\000t\000\040\000l\000a\000y\000e\000r}{section.1.2}% 5
\BOOKMARK [2][-]{subsection.1.2.3}{\376\377\000A\000c\000r\000o\000b\000a\000t\000\040\000S\000u\000p\000p\000o\000r\000t\000\040\000l\000a\000y\000e\000r}{section.1.2}% 6
\BOOKMARK [2][-]{subsection.1.2.4}{\376\377\000C\000o\000s\000\040\000l\000a\000y\000e\000r}{section.1.2}% 7
\BOOKMARK [2][-]{subsection.1.2.5}{\376\377\000P\000l\000a\000t\000f\000o\000r\000m\000-\000s\000p\000e\000c\000i\000f\000i\000c\000\040\000m\000e\000t\000h\000o\000d\000s}{section.1.2}% 8
\BOOKMARK [1][-]{section.1.3}{\376\377\000A\000c\000r\000o\000b\000a\000t\000\040\000c\000o\000r\000e\000\040\000A\000P\000I\000\040\000o\000b\000j\000e\000c\000t\000s}{chapter.1}% 9
\BOOKMARK [2][-]{subsection.1.3.1}{\376\377\000F\000i\000l\000e\000\040\000o\000b\000j\000e\000c\000t\000\040\000i\000n\000t\000e\000r\000r\000e\000l\000a\000t\000i\000o\000n\000s\000h\000i\000p\000s}{section.1.3}% 10
\BOOKMARK [2][-]{subsection.1.3.2}{\376\377\000D\000o\000c\000u\000m\000e\000n\000t\000\040\000o\000b\000j\000e\000c\000t\000\040\000i\000n\000t\000e\000r\000r\000e\000l\000a\000t\000i\000o\000n\000s\000h\000i\000p\000s}{section.1.3}% 11
\BOOKMARK [1][-]{section.1.4}{\376\377\000A\000c\000r\000o\000b\000a\000t\000\040\000c\000o\000r\000e\000\040\000A\000P\000I\000\040\000m\000e\000t\000h\000o\000d\000s}{chapter.1}% 12
\BOOKMARK [1][-]{section.1.5}{\376\377\000D\000a\000t\000a\000\040\000t\000y\000p\000e\000s}{chapter.1}% 13
\BOOKMARK [2][-]{subsection.1.5.1}{\376\377\000S\000c\000a\000l\000a\000r\000\040\000t\000y\000p\000e\000s}{section.1.5}% 14
\BOOKMARK [2][-]{subsection.1.5.2}{\376\377\000S\000i\000m\000p\000l\000e\000\040\000t\000y\000p\000e\000s}{section.1.5}% 15
\BOOKMARK [2][-]{subsection.1.5.3}{\376\377\000C\000o\000m\000p\000l\000e\000x\000\040\000t\000y\000p\000e\000s}{section.1.5}% 16
\BOOKMARK [2][-]{subsection.1.5.4}{\376\377\000O\000p\000a\000q\000u\000e\000\040\000t\000y\000p\000e\000s}{section.1.5}% 17
\BOOKMARK [2][-]{subsection.1.5.5}{\376\377\000C\000o\000s\000\040\000t\000y\000p\000e\000s}{section.1.5}% 18
\BOOKMARK [1][-]{section.1.6}{\376\377\000A\000b\000o\000u\000t\000\040\000P\000D\000F\000\040\000L\000i\000b\000r\000a\000r\000y\000\040\000a\000n\000d\000\040\000p\000l\000u\000g\000i\000n\000\040\000a\000p\000p\000l\000i\000c\000a\000t\000i\000o\000n\000s}{chapter.1}% 19
\BOOKMARK [2][-]{subsection.1.6.1}{\376\377\000M\000a\000n\000i\000p\000u\000l\000a\000t\000i\000n\000g\000\040\000A\000c\000r\000o\000b\000a\000t\000\040\000a\000n\000d\000\040\000A\000d\000o\000b\000e\000\040\000R\000e\000a\000d\000e\000r}{section.1.6}% 20
\BOOKMARK [2][-]{subsection.1.6.2}{\376\377\000D\000i\000s\000p\000l\000a\000y\000i\000n\000g\000\040\000a\000\040\000P\000D\000F\000\040\000d\000o\000c\000u\000m\000e\000n\000t\000\040\000i\000n\000\040\000a\000n\000\040\000e\000x\000t\000e\000r\000n\000a\000l\000\040\000w\000i\000n\000d\000o\000w}{section.1.6}% 21
\BOOKMARK [2][-]{subsection.1.6.3}{\376\377\000I\000n\000d\000e\000x\000e\000d\000\040\000s\000e\000a\000r\000c\000h\000i\000n\000g}{section.1.6}% 22
\BOOKMARK [2][-]{subsection.1.6.4}{\376\377\000M\000o\000d\000i\000f\000y\000i\000n\000g\000\040\000f\000i\000l\000e\000\040\000a\000c\000c\000e\000s\000s}{section.1.6}% 23
\BOOKMARK [2][-]{subsection.1.6.5}{\376\377\000C\000r\000e\000a\000t\000i\000n\000g\000\040\000n\000e\000w\000\040\000a\000n\000n\000o\000t\000a\000t\000i\000o\000n\000\040\000t\000y\000p\000e\000s}{section.1.6}% 24
\BOOKMARK [2][-]{subsection.1.6.6}{\376\377\000D\000y\000n\000a\000m\000i\000c\000a\000l\000l\000y\000\040\000a\000d\000d\000i\000n\000g\000\040\000t\000e\000x\000t\000\040\000t\000o\000\040\000P\000D\000F\000\040\000d\000o\000c\000u\000m\000e\000n\000t\000s}{section.1.6}% 25
\BOOKMARK [1][-]{section.1.7}{\376\377\000U\000n\000d\000e\000r\000s\000t\000a\000n\000d\000i\000n\000g\000\040\000y\000o\000u\000r\000\040\000t\000a\000r\000g\000e\000t\000\040\000a\000p\000p\000l\000i\000c\000a\000t\000i\000o\000n}{chapter.1}% 26
\BOOKMARK [2][-]{subsection.1.7.1}{\376\377\000R\000i\000g\000h\000t\000s\000-\000e\000n\000a\000b\000l\000e\000d\000\040\000P\000D\000F\000\040\000d\000o\000c\000u\000m\000e\000n\000t\000s}{section.1.7}% 27
\BOOKMARK [2][-]{subsection.1.7.2}{\376\377\000A\000d\000o\000b\000e\000\040\000R\000e\000a\000d\000e\000r\000\040\000p\000l\000u\000g\000i\000n\000s}{section.1.7}% 28
\BOOKMARK [1][-]{section.1.8}{\376\377\000R\000e\000g\000i\000s\000t\000e\000r\000i\000n\000g\000\040\000p\000l\000u\000g\000i\000n\000s\000\040\000f\000o\000r\000\040\000u\000s\000e\000\040\000b\000y\000\040\000t\000h\000e\000\040\000p\000l\000u\000g\000i\000n\000\040\000f\000i\000n\000d\000e\000r}{chapter.1}% 29
\BOOKMARK [2][-]{subsection.1.8.1}{\376\377\000P\000D\000F\000\040\000d\000i\000c\000t\000i\000o\000n\000a\000r\000y\000\040\000e\000x\000t\000e\000n\000s\000i\000o\000n\000s}{section.1.8}% 30
\BOOKMARK [0][-]{chapter.2}{\376\377\000U\000n\000d\000e\000r\000s\000t\000a\000n\000d\000i\000n\000g\000\040\000P\000l\000u\000g\000i\000n\000s}{}% 31
\BOOKMARK [1][-]{section.2.1}{\376\377\000P\000l\000u\000g\000i\000n\000\040\000l\000o\000a\000d\000i\000n\000g\000\040\000a\000n\000d\000\040\000i\000n\000i\000t\000i\000a\000l\000i\000z\000a\000t\000i\000o\000n}{chapter.2}% 32
\BOOKMARK [2][-]{subsection.2.1.1}{\376\377\000H\000a\000n\000d\000s\000h\000a\000k\000i\000n\000g}{section.2.1}% 33
\BOOKMARK [2][-]{subsection.2.1.2}{\376\377\000E\000x\000p\000o\000r\000t\000i\000n\000g\000\040\000H\000F\000T\000s}{section.2.1}% 34
\BOOKMARK [2][-]{subsection.2.1.3}{\376\377\000I\000m\000p\000o\000r\000t\000i\000n\000g\000\040\000H\000F\000T\000s\000\040\000a\000n\000d\000\040\000r\000e\000g\000i\000s\000t\000e\000r\000i\000n\000g\000\040\000f\000o\000r\000\040\000n\000o\000t\000i\000f\000i\000c\000a\000t\000i\000o\000n\000s}{section.2.1}% 35
\BOOKMARK [2][-]{subsection.2.1.4}{\376\377\000I\000n\000i\000t\000i\000a\000l\000i\000z\000a\000t\000i\000o\000n}{section.2.1}% 36
\BOOKMARK [2][-]{subsection.2.1.5}{\376\377\000U\000n\000l\000o\000a\000d\000i\000n\000g}{section.2.1}% 37
\BOOKMARK [2][-]{subsection.2.1.6}{\376\377\000S\000u\000m\000m\000a\000r\000i\000z\000i\000n\000g\000\040\000a\000\040\000p\000l\000u\000g\000i\000n\040\031\000s\000\040\000l\000i\000f\000e\000\040\000c\000y\000c\000l\000e}{section.2.1}% 38
\BOOKMARK [1][-]{section.2.2}{\376\377\000U\000s\000i\000n\000g\000\040\000c\000a\000l\000l\000b\000a\000c\000k\000\040\000f\000u\000n\000c\000t\000i\000o\000n\000s}{chapter.2}% 39
\BOOKMARK [1][-]{section.2.3}{\376\377\000N\000o\000t\000i\000f\000i\000c\000a\000t\000i\000o\000n\000s}{chapter.2}% 40
\BOOKMARK [1][-]{section.2.4}{\376\377\000H\000a\000n\000d\000l\000i\000n\000g\000\040\000e\000v\000e\000n\000t\000s}{chapter.2}% 41
\BOOKMARK [2][-]{subsection.2.4.1}{\376\377\000M\000o\000u\000s\000e\000\040\000c\000l\000i\000c\000k\000s}{section.2.4}% 42
\BOOKMARK [2][-]{subsection.2.4.2}{\376\377\000A\000d\000j\000u\000s\000t\000\040\000c\000u\000r\000s\000o\000r}{section.2.4}% 43
\BOOKMARK [2][-]{subsection.2.4.3}{\376\377\000K\000e\000y\000\040\000p\000r\000e\000s\000s\000e\000s}{section.2.4}% 44
\BOOKMARK [1][-]{section.2.5}{\376\377\000U\000s\000i\000n\000g\000\040\000p\000l\000u\000g\000i\000n\000\040\000p\000r\000e\000f\000i\000x\000e\000s}{chapter.2}% 45
\BOOKMARK [2][-]{subsection.2.5.1}{\376\377\000O\000b\000t\000a\000i\000n\000i\000n\000g\000\040\000a\000\040\000d\000e\000v\000e\000l\000o\000p\000e\000r\000\040\000P\000D\000F\000\040\000n\000a\000m\000e\000\040\000p\000r\000e\000f\000i\000x}{section.2.5}% 46
\BOOKMARK [2][-]{subsection.2.5.2}{\376\377\000U\000s\000i\000n\000g\000\040\000a\000\040\000d\000e\000v\000e\000l\000o\000p\000e\000r\000\040\000p\000r\000e\000f\000i\000x}{section.2.5}% 47
\BOOKMARK [1][-]{section.2.6}{\376\377\000M\000o\000d\000i\000f\000y\000i\000n\000g\000\040\000t\000h\000e\000\040\000A\000c\000r\000o\000b\000a\000t\000\040\000o\000r\000\040\000A\000d\000o\000b\000e\000\040\000R\000e\000a\000d\000e\000r\000\040\000u\000s\000e\000r\000\040\000i\000n\000t\000e\000r\000f\000a\000c\000e}{chapter.2}% 48
\BOOKMARK [2][-]{subsection.2.6.1}{\376\377\000A\000d\000d\000i\000n\000g\000\040\000o\000r\000\040\000r\000e\000m\000o\000v\000i\000n\000g\000\040\000m\000e\000n\000u\000s\000\040\000a\000n\000d\000\040\000m\000e\000n\000u\000\040\000i\000t\000e\000m\000s}{section.2.6}% 49
\BOOKMARK [2][-]{subsection.2.6.2}{\376\377\000M\000o\000d\000i\000f\000y\000i\000n\000g\000\040\000t\000o\000o\000l\000b\000a\000r\000s}{section.2.6}% 50
\BOOKMARK [2][-]{subsection.2.6.3}{\376\377\000C\000o\000n\000t\000r\000o\000l\000l\000i\000n\000g\000\040\000t\000h\000e\000\040\000A\000b\000o\000u\000t\000\040\000b\000o\000x\000\040\000a\000n\000d\000\040\000s\000p\000l\000a\000s\000h\000\040\000s\000c\000r\000e\000e\000n}{section.2.6}% 51
\BOOKMARK [2][-]{subsection.2.6.4}{\376\377\000C\000r\000e\000a\000t\000i\000n\000g\000\040\000h\000e\000l\000p\000\040\000f\000i\000l\000e\000s}{section.2.6}% 52
\BOOKMARK [2][-]{subsection.2.6.5}{\376\377\000U\000s\000e\000r\000\040\000i\000n\000t\000e\000r\000f\000a\000c\000e\000\040\000g\000u\000i\000d\000e\000l\000i\000n\000e\000s}{section.2.6}% 53
\BOOKMARK [1][-]{section.2.7}{\376\377\000A\000c\000q\000u\000i\000r\000i\000n\000g\000\040\000a\000n\000d\000\040\000r\000e\000l\000e\000a\000s\000i\000n\000g\000\040\000o\000b\000j\000e\000c\000t\000s}{chapter.2}% 54
\BOOKMARK [1][-]{section.2.8}{\376\377\000D\000e\000b\000u\000g\000g\000i\000n\000g\000\040\000p\000l\000u\000g\000i\000n\000s}{chapter.2}% 55
\BOOKMARK [1][-]{section.2.9}{\376\377\000P\000a\000g\000e\000\040\000v\000i\000e\000w\000\040\000l\000a\000y\000e\000r\000s}{chapter.2}% 56
\BOOKMARK [1][-]{section.2.10}{\376\377\000M\000i\000n\000i\000m\000i\000z\000i\000n\000g\000\040\000s\000c\000r\000e\000e\000n\000\040\000r\000e\000d\000r\000a\000w\000i\000n\000g}{chapter.2}% 57
\BOOKMARK [1][-]{section.2.11}{\376\377\000S\000t\000o\000r\000i\000n\000g\000\040\000p\000r\000i\000v\000a\000t\000e\000\040\000d\000a\000t\000a\000\040\000i\000n\000\040\000P\000D\000F\000\040\000f\000i\000l\000e\000s}{chapter.2}% 58
\BOOKMARK [1][-]{section.2.12}{\376\377\000E\000x\000p\000o\000r\000t\000i\000n\000g\000\040\000d\000a\000t\000a\000\040\000f\000r\000o\000m\000\040\000P\000D\000F\000\040\000d\000o\000c\000u\000m\000e\000n\000t\000\040\000o\000b\000j\000e\000c\000t\000s}{chapter.2}% 59
\BOOKMARK [0][-]{chapter.3}{\376\377\000C\000r\000e\000a\000t\000i\000n\000g\000\040\000P\000l\000u\000g\000i\000n\000\040\000a\000n\000d\000\040\000P\000D\000F\000\040\000L\000i\000b\000r\000a\000r\000y\000\040\000A\000p\000p\000l\000i\000c\000a\000t\000i\000o\000n\000s}{}% 60
\BOOKMARK [1][-]{section.3.1}{\376\377\000W\000o\000r\000k\000i\000n\000g\000\040\000w\000i\000t\000h\000\040\000p\000l\000a\000t\000f\000o\000r\000m\000-\000s\000p\000e\000c\000i\000f\000i\000c\000\040\000t\000e\000c\000h\000n\000i\000q\000u\000e\000s}{chapter.3}% 61
\BOOKMARK [2][-]{subsection.3.1.1}{\376\377\000A\000b\000o\000u\000t\000\040\000p\000l\000a\000t\000f\000o\000r\000m\000-\000d\000e\000p\000e\000n\000d\000e\000n\000t\000\040\000d\000a\000t\000a}{section.3.1}% 62
\BOOKMARK [2][-]{subsection.3.1.2}{\376\377\000P\000o\000r\000t\000a\000b\000i\000l\000i\000t\000y\000\040\000t\000e\000c\000h\000n\000i\000q\000u\000e\000s}{section.3.1}% 63
\BOOKMARK [2][-]{subsection.3.1.3}{\376\377\000W\000i\000n\000d\000o\000w\000s\000\040\000t\000e\000c\000h\000n\000i\000q\000u\000e\000s}{section.3.1}% 64
\BOOKMARK [2][-]{subsection.3.1.4}{\376\377\000M\000a\000c\000\040\000O\000S\000\040\000t\000e\000c\000h\000n\000i\000q\000u\000e\000s}{section.3.1}% 65
\BOOKMARK [1][-]{section.3.2}{\376\377\000C\000r\000e\000a\000t\000i\000n\000g\000\040\000a\000\040\000s\000a\000m\000p\000l\000e\000\040\000p\000l\000u\000g\000i\000n}{chapter.3}% 66
\BOOKMARK [2][-]{subsection.3.2.1}{\376\377\000I\000n\000c\000l\000u\000d\000i\000n\000g\000\040\000A\000c\000r\000o\000b\000a\000t\000\040\000S\000D\000K\000\040\000l\000i\000b\000r\000a\000r\000y\000\040\000f\000i\000l\000e\000s}{section.3.2}% 67
\BOOKMARK [2][-]{subsection.3.2.2}{\376\377\000A\000d\000d\000i\000n\000g\000\040\000t\000h\000e\000\040\000P\000I\000M\000a\000i\000n\000\040\000s\000o\000u\000r\000c\000e\000\040\000f\000i\000l\000e}{section.3.2}% 68
\BOOKMARK [2][-]{subsection.3.2.3}{\376\377\000A\000d\000d\000i\000n\000g\000\040\000a\000p\000p\000l\000i\000c\000a\000t\000i\000o\000n\000\040\000l\000o\000g\000i\000c}{section.3.2}% 69
\BOOKMARK [2][-]{subsection.3.2.4}{\376\377\000C\000o\000m\000p\000i\000l\000i\000n\000g\000\040\000a\000n\000d\000\040\000b\000u\000i\000l\000d\000i\000n\000g\000\040\000y\000o\000u\000r\000\040\000p\000l\000u\000g\000i\000n}{section.3.2}% 70
\BOOKMARK [1][-]{section.3.3}{\376\377\000C\000r\000e\000a\000t\000i\000n\000g\000\040\000a\000\040\000s\000a\000m\000p\000l\000e\000\040\000P\000D\000F\000\040\000L\000i\000b\000r\000a\000r\000y\000\040\000a\000p\000p\000l\000i\000c\000a\000t\000i\000o\000n}{chapter.3}% 71
\BOOKMARK [2][-]{subsection.3.3.1}{\376\377\000C\000o\000n\000t\000e\000n\000t\000s\000\040\000o\000f\000\040\000t\000h\000e\000\040\000P\000D\000F\000\040\000L\000i\000b\000r\000a\000r\000y\000\040\000S\000D\000K}{section.3.3}% 72
\BOOKMARK [2][-]{subsection.3.3.2}{\376\377\000D\000e\000v\000e\000l\000o\000p\000i\000n\000g\000\040\000a\000p\000p\000l\000i\000c\000a\000t\000i\000o\000n\000s\000\040\000w\000i\000t\000h\000\040\000t\000h\000e\000\040\000A\000d\000o\000b\000e\000\040\000P\000D\000F\000\040\000L\000i\000b\000r\000a\000r\000y}{section.3.3}% 73
\BOOKMARK [2][-]{subsection.3.3.3}{\376\377\000I\000n\000i\000t\000i\000a\000l\000i\000z\000a\000t\000i\000o\000n\000\040\000a\000n\000d\000\040\000t\000e\000r\000m\000i\000n\000a\000t\000i\000o\000n}{section.3.3}% 74
\BOOKMARK [2][-]{subsection.3.3.4}{\376\377\000M\000u\000l\000t\000i\000t\000h\000r\000e\000a\000d\000i\000n\000g}{section.3.3}% 75
\BOOKMARK [1][-]{section.3.4}{\376\377\000U\000p\000g\000r\000a\000d\000i\000n\000g\000\040\000e\000x\000i\000s\000t\000i\000n\000g\000\040\000p\000l\000u\000g\000i\000n\000s}{chapter.3}% 76
\BOOKMARK [2][-]{subsection.3.4.1}{\376\377\000D\000e\000t\000e\000c\000t\000i\000n\000g\000\040\000s\000u\000p\000p\000o\000r\000t\000e\000d\000\040\000A\000P\000I\000s}{section.3.4}% 77
\BOOKMARK [1][-]{section.3.5}{\376\377\000M\000i\000g\000r\000a\000t\000i\000n\000g\000\040\000P\000D\000F\000L\000\040\000a\000p\000p\000s\000\040\000t\000o\000\040\000X\000c\000o\000d\000e}{chapter.3}% 78
\BOOKMARK [0][-]{chapter.4}{\376\377\000I\000n\000s\000e\000r\000t\000i\000n\000g\000\040\000T\000e\000x\000t\000\040\000i\000n\000t\000o\000\040\000P\000D\000F\000\040\000D\000o\000c\000u\000m\000e\000n\000t\000s}{}% 79
\BOOKMARK [1][-]{section.4.1}{\376\377\000C\000r\000e\000a\000t\000i\000n\000g\000\040\000a\000\040\000n\000e\000w\000\040\000P\000D\000F\000\040\000d\000o\000c\000u\000m\000e\000n\000t}{chapter.4}% 80
\BOOKMARK [1][-]{section.4.2}{\376\377\000C\000r\000e\000a\000t\000i\000n\000g\000\040\000a\000\040\000n\000e\000w\000\040\000p\000a\000g\000e}{chapter.4}% 81
\BOOKMARK [1][-]{section.4.3}{\376\377\000C\000r\000e\000a\000t\000i\000n\000g\000\040\000a\000\040\000c\000o\000n\000t\000a\000i\000n\000e\000r}{chapter.4}% 82
\BOOKMARK [1][-]{section.4.4}{\376\377\000A\000c\000q\000u\000i\000r\000i\000n\000g\000\040\000f\000o\000n\000t\000s}{chapter.4}% 83
\BOOKMARK [1][-]{section.4.5}{\376\377\000C\000r\000e\000a\000t\000i\000n\000g\000\040\000a\000\040\000P\000D\000E\000G\000r\000a\000p\000h\000i\000c\000S\000t\000a\000t\000e\000\040\000o\000b\000j\000e\000c\000t}{chapter.4}% 84
\BOOKMARK [1][-]{section.4.6}{\376\377\000C\000r\000e\000a\000t\000i\000n\000g\000\040\000a\000n\000\040\000A\000S\000F\000i\000x\000e\000d\000M\000a\000t\000r\000i\000x\000\040\000o\000b\000j\000e\000c\000t}{chapter.4}% 85
\BOOKMARK [1][-]{section.4.7}{\376\377\000I\000n\000s\000e\000r\000t\000i\000n\000g\000\040\000t\000e\000x\000t}{chapter.4}% 86
\BOOKMARK [1][-]{section.4.8}{\376\377\000S\000a\000v\000i\000n\000g\000\040\000t\000h\000e\000\040\000P\000D\000F\000\040\000d\000o\000c\000u\000m\000e\000n\000t}{chapter.4}% 87
\BOOKMARK [1][-]{section.4.9}{\376\377\000E\000x\000a\000m\000i\000n\000i\000n\000g\000\040\000a\000\040\000P\000D\000F\000L\000\040\000a\000p\000p\000\040\000s\000o\000u\000r\000c\000e\000\040\000f\000i\000l\000e}{chapter.4}% 88
\BOOKMARK [0][-]{chapter.5}{\376\377\000W\000o\000r\000k\000i\000n\000g\000\040\000w\000i\000t\000h\000\040\000D\000o\000c\000u\000m\000e\000n\000t\000s\000\040\000a\000n\000d\000\040\000F\000i\000l\000e\000s}{}% 89
\BOOKMARK [1][-]{section.5.1}{\376\377\000O\000p\000e\000n\000i\000n\000g\000\040\000P\000D\000F\000s}{chapter.5}% 90
\BOOKMARK [1][-]{section.5.2}{\376\377\000O\000p\000e\000n\000i\000n\000g\000\040\000a\000\040\000P\000D\000F\000\040\000i\000n\000\040\000a\000n\000\040\000e\000x\000t\000e\000r\000n\000a\000l\000\040\000w\000i\000n\000d\000o\000w}{chapter.5}% 91
\BOOKMARK [2][-]{subsection.5.2.1}{\376\377\000C\000r\000e\000a\000t\000i\000n\000g\000\040\000a\000\040\000W\000i\000n\000d\000o\000w}{section.5.2}% 92
\BOOKMARK [2][-]{subsection.5.2.2}{\376\377\000D\000e\000f\000i\000n\000i\000n\000g\000\040\000t\000h\000e\000\040\000p\000a\000r\000a\000m\000e\000t\000e\000r\000s\000\040\000f\000o\000r\000\040\000a\000n\000\040\000e\000x\000t\000e\000r\000n\000a\000l\000\040\000w\000i\000n\000d\000o\000w}{section.5.2}% 93
\BOOKMARK [2][-]{subsection.5.2.3}{\376\377\000C\000r\000e\000a\000t\000i\000n\000g\000\040\000a\000\040\000h\000a\000n\000d\000l\000e\000r\000\040\000f\000o\000r\000\040\000a\000n\000\040\000e\000x\000t\000e\000r\000n\000a\000l\000\040\000w\000i\000n\000d\000o\000w}{section.5.2}% 94
\BOOKMARK [2][-]{subsection.5.2.4}{\376\377\000D\000i\000s\000p\000l\000a\000y\000i\000n\000g\000\040\000a\000n\000\040\000o\000p\000e\000n\000\040\000d\000i\000a\000l\000o\000g\000\040\000b\000o\000x}{section.5.2}% 95
\BOOKMARK [2][-]{subsection.5.2.5}{\376\377\000D\000i\000s\000p\000l\000a\000y\000i\000n\000g\000\040\000a\000\040\000P\000D\000F\000\040\000i\000n\000\040\000a\000\040\000w\000i\000n\000d\000o\000w}{section.5.2}% 96
\BOOKMARK [1][-]{section.5.3}{\376\377\000D\000e\000t\000e\000r\000m\000i\000n\000i\000n\000g\000\040\000t\000h\000e\000\040\000P\000D\000F\000\040\000v\000e\000r\000s\000i\000o\000n}{chapter.5}% 97
\BOOKMARK [2][-]{subsection.5.3.1}{\376\377\000P\000D\000F\000\040\000v\000e\000r\000s\000i\000o\000n}{section.5.3}% 98
\BOOKMARK [2][-]{subsection.5.3.2}{\376\377\000P\000D\000F\000\040\000v\000e\000r\000s\000i\000o\000n\000\040\000e\000x\000t\000e\000n\000s\000i\000o\000n\000s}{section.5.3}% 99
\BOOKMARK [2][-]{subsection.5.3.3}{\376\377\000S\000e\000t\000t\000i\000n\000g\000\040\000t\000h\000e\000\040\000e\000x\000t\000e\000n\000s\000i\000o\000n\000\040\000l\000e\000v\000e\000l\000\040\000o\000f\000\040\000a\000\040\000d\000o\000c\000u\000m\000e\000n\000t}{section.5.3}% 100
\BOOKMARK [2][-]{subsection.5.3.4}{\376\377\000G\000e\000t\000t\000i\000n\000g\000\040\000t\000h\000e\000\040\000e\000x\000t\000e\000n\000s\000i\000o\000n\000\040\000l\000e\000v\000e\000l\000\040\000o\000f\000\040\000a\000\040\000d\000o\000c\000u\000m\000e\000n\000t}{section.5.3}% 101
\BOOKMARK [1][-]{section.5.4}{\376\377\000B\000r\000i\000d\000g\000i\000n\000g\000\040\000c\000o\000r\000e\000\040\000A\000P\000I\000\040\000l\000a\000y\000e\000r\000s}{chapter.5}% 102
\BOOKMARK [2][-]{subsection.5.4.1}{\376\377\000C\000r\000e\000a\000t\000i\000n\000g\000\040\000a\000\040\000P\000D\000D\000o\000c\000\040\000o\000b\000j\000e\000c\000t}{section.5.4}% 103
\BOOKMARK [2][-]{subsection.5.4.2}{\376\377\000C\000r\000e\000a\000t\000i\000n\000g\000\040\000a\000\040\000P\000D\000D\000o\000c\000\040\000o\000b\000j\000e\000c\000t\000\040\000f\000o\000r\000\040\000a\000n\000\040\000o\000p\000e\000n\000\040\000P\000D\000F}{section.5.4}% 104
\BOOKMARK [2][-]{subsection.5.4.3}{\376\377\000A\000c\000c\000e\000s\000s\000i\000n\000g\000\040\000n\000o\000n\000-\000P\000D\000F\000\040\000f\000i\000l\000e\000s}{section.5.4}% 105
\BOOKMARK [1][-]{section.5.5}{\376\377\000P\000r\000i\000n\000t\000i\000n\000g\000\040\000d\000o\000c\000u\000m\000e\000n\000t\000s}{chapter.5}% 106
\BOOKMARK [1][-]{section.5.6}{\376\377\000W\000o\000r\000k\000i\000n\000g\000\040\000w\000i\000t\000h\000\040\000t\000h\000e\000\040\000P\000D\000F\000/\000X\000\040\000f\000o\000r\000m\000a\000t}{chapter.5}% 107
\BOOKMARK [0][-]{chapter.6}{\376\377\000C\000r\000e\000a\000t\000i\000n\000g\000\040\000M\000e\000n\000u\000s\000\040\000a\000n\000d\000\040\000M\000e\000n\000u\000\040\000C\000o\000m\000m\000a\000n\000d\000s}{}% 108
\BOOKMARK [1][-]{section.6.1}{\376\377\000A\000b\000o\000u\000t\000\040\000m\000e\000n\000u\000s}{chapter.6}% 109
\BOOKMARK [2][-]{subsection.6.1.1}{\376\377\000A\000b\000o\000u\000t\000\040\000A\000V\000m\000e\000n\000u\000b\000a\000r\000\040\000t\000y\000p\000e\000d\000e\000f\000s}{section.6.1}% 110
\BOOKMARK [2][-]{subsection.6.1.2}{\376\377\000A\000b\000o\000u\000t\000\040\000A\000V\000M\000e\000n\000u\000\040\000t\000y\000p\000e\000d\000e\000f\000s}{section.6.1}% 111
\BOOKMARK [2][-]{subsection.6.1.3}{\376\377\000A\000b\000o\000u\000t\000\040\000A\000V\000M\000e\000n\000u\000I\000t\000e\000m\000\040\000t\000y\000p\000e\000d\000e\000f\000s}{section.6.1}% 112
\BOOKMARK [1][-]{section.6.2}{\376\377\000A\000d\000d\000i\000n\000g\000\040\000m\000e\000n\000u\000\040\000c\000o\000m\000m\000a\000n\000d\000s\000\040\000t\000o\000\040\000m\000e\000n\000u\000s}{chapter.6}% 113
\BOOKMARK [2][-]{subsection.6.2.1}{\376\377\000A\000d\000d\000i\000n\000g\000\040\000a\000\040\000m\000e\000n\000u\000\040\000c\000o\000m\000m\000a\000n\000d\000\040\000t\000o\000\040\000a\000n\000\040\000e\000x\000i\000s\000t\000i\000n\000g\000\040\000m\000e\000n\000u}{section.6.2}% 114
\BOOKMARK [2][-]{subsection.6.2.2}{\376\377\000A\000d\000d\000i\000n\000g\000\040\000a\000\040\000m\000e\000n\000u\000\040\000c\000o\000m\000m\000a\000n\000d\000\040\000t\000o\000\040\000a\000\040\000n\000e\000w\000\040\000m\000e\000n\000u}{section.6.2}% 115
\BOOKMARK [1][-]{section.6.3}{\376\377\000C\000r\000e\000a\000t\000i\000n\000g\000\040\000m\000e\000n\000u\000\040\000c\000a\000l\000l\000b\000a\000c\000k\000\040\000f\000u\000n\000c\000t\000i\000o\000n\000s}{chapter.6}% 116
\BOOKMARK [1][-]{section.6.4}{\376\377\000D\000e\000t\000e\000r\000m\000i\000n\000i\000n\000g\000\040\000i\000f\000\040\000a\000\040\000m\000e\000n\000u\000\040\000i\000t\000e\000m\000\040\000c\000a\000n\000\040\000b\000e\000\040\000e\000x\000e\000c\000u\000t\000e\000d}{chapter.6}% 117
\BOOKMARK [0][-]{chapter.7}{\376\377\000C\000r\000e\000a\000t\000i\000n\000g\000\040\000T\000o\000o\000l\000b\000a\000r\000s\000\040\000a\000n\000d\000\040\000B\000u\000t\000t\000o\000n\000s}{}% 118
\BOOKMARK [1][-]{section.7.1}{\376\377\000A\000b\000o\000u\000t\000\040\000t\000o\000o\000l\000b\000a\000r\000s}{chapter.7}% 119
\BOOKMARK [2][-]{subsection.7.1.1}{\376\377\000A\000b\000o\000u\000t\000\040\000A\000V\000T\000o\000o\000l\000B\000a\000r\000\040\000t\000y\000p\000e\000d\000e\000f\000s}{section.7.1}% 120
\BOOKMARK [2][-]{subsection.7.1.2}{\376\377\000A\000b\000o\000u\000t\000\040\000A\000V\000T\000o\000o\000l\000B\000u\000t\000t\000o\000n\000\040\000t\000y\000p\000e\000d\000e\000f\000s}{section.7.1}% 121
\BOOKMARK [1][-]{section.7.2}{\376\377\000R\000e\000t\000r\000i\000e\000v\000i\000n\000g\000\040\000t\000o\000o\000l\000b\000a\000r\000s}{chapter.7}% 122
\BOOKMARK [1][-]{section.7.3}{\376\377\000C\000r\000e\000a\000t\000i\000n\000g\000\040\000t\000o\000o\000l\000b\000a\000r\000\040\000b\000u\000t\000t\000o\000n\000s}{chapter.7}% 123
\BOOKMARK [2][-]{subsection.7.3.1}{\376\377\000S\000e\000t\000t\000i\000n\000g\000\040\000h\000e\000l\000p\000\040\000t\000e\000x\000t\000\040\000f\000o\000r\000\040\000a\000\040\000b\000u\000t\000t\000o\000n}{section.7.3}% 124
\BOOKMARK [2][-]{subsection.7.3.2}{\376\377\000S\000e\000t\000t\000i\000n\000g\000\040\000l\000a\000b\000e\000l\000\040\000t\000e\000x\000t}{section.7.3}% 125
\BOOKMARK [2][-]{subsection.7.3.3}{\376\377\000C\000r\000e\000a\000t\000i\000n\000g\000\040\000a\000\040\000s\000u\000b\000-\000m\000e\000n\000u\000\040\000f\000o\000r\000\040\000a\000\040\000b\000u\000t\000t\000o\000n}{section.7.3}% 126
\BOOKMARK [1][-]{section.7.4}{\376\377\000R\000e\000t\000r\000i\000e\000v\000i\000n\000g\000\040\000e\000x\000i\000s\000t\000i\000n\000g\000\040\000t\000o\000o\000l\000b\000a\000r\000\040\000b\000u\000t\000t\000o\000n\000s}{chapter.7}% 127
\BOOKMARK [1][-]{section.7.5}{\376\377\000A\000t\000t\000a\000c\000h\000i\000n\000g\000\040\000a\000\040\000b\000u\000t\000t\000o\000n\000\040\000t\000o\000\040\000a\000\040\000t\000o\000o\000l\000b\000a\000r}{chapter.7}% 128
\BOOKMARK [1][-]{section.7.6}{\376\377\000E\000x\000p\000o\000s\000i\000n\000g\000\040\000a\000\040\000b\000u\000t\000t\000o\000n\000\040\000i\000n\000\040\000a\000\040\000w\000e\000b\000\040\000b\000r\000o\000w\000s\000e\000r}{chapter.7}% 129
\BOOKMARK [1][-]{section.7.7}{\376\377\000R\000e\000m\000o\000v\000i\000n\000g\000\040\000a\000\040\000b\000u\000t\000t\000o\000n\000\040\000f\000r\000o\000m\000\040\000a\000\040\000t\000o\000o\000l\000b\000a\000r}{chapter.7}% 130
\BOOKMARK [1][-]{section.7.8}{\376\377\000C\000r\000e\000a\000t\000i\000n\000g\000\040\000t\000o\000o\000l\000b\000a\000r\000\040\000b\000u\000t\000t\000o\000n\000\040\000c\000a\000l\000l\000b\000a\000c\000k\000\040\000f\000u\000n\000c\000t\000i\000o\000n\000s}{chapter.7}% 131
\BOOKMARK [0][-]{chapter.8}{\376\377\000C\000r\000e\000a\000t\000i\000n\000g\000\040\000A\000n\000n\000o\000t\000a\000t\000i\000o\000n\000s}{}% 132
\BOOKMARK [1][-]{section.8.1}{\376\377\000W\000o\000r\000k\000i\000n\000g\000\040\000w\000i\000t\000h\000\040\000t\000e\000x\000t\000\040\000a\000n\000n\000o\000t\000a\000t\000i\000o\000n\000s}{chapter.8}% 133
\BOOKMARK [2][-]{subsection.8.1.1}{\376\377\000C\000r\000e\000a\000t\000i\000n\000g\000\040\000t\000e\000x\000t\000\040\000a\000n\000n\000o\000t\000a\000t\000i\000o\000n\000s}{section.8.1}% 134
\BOOKMARK [2][-]{subsection.8.1.2}{\376\377\000R\000e\000t\000r\000i\000e\000v\000i\000n\000g\000\040\000e\000x\000i\000s\000t\000i\000n\000g\000\040\000a\000n\000n\000o\000t\000a\000t\000i\000o\000n\000s}{section.8.1}% 135
\BOOKMARK [2][-]{subsection.8.1.3}{\376\377\000M\000o\000d\000i\000f\000y\000i\000n\000g\000\040\000t\000e\000x\000t\000\040\000a\000n\000n\000o\000t\000a\000t\000i\000o\000n\000s}{section.8.1}% 136
\BOOKMARK [1][-]{section.8.2}{\376\377\000W\000o\000r\000k\000i\000n\000g\000\040\000w\000i\000t\000h\000\040\000r\000e\000d\000a\000c\000t\000i\000o\000n\000\040\000a\000n\000n\000o\000t\000a\000t\000i\000o\000n\000s}{chapter.8}% 137
\BOOKMARK [2][-]{subsection.8.2.1}{\376\377\000C\000r\000e\000a\000t\000i\000n\000g\000\040\000a\000\040\000r\000e\000d\000a\000c\000t\000i\000o\000n\000\040\000a\000n\000n\000o\000t\000a\000t\000i\000o\000n}{section.8.2}% 138
\BOOKMARK [2][-]{subsection.8.2.2}{\376\377\000M\000o\000d\000i\000f\000y\000i\000n\000g\000\040\000a\000n\000\040\000e\000x\000i\000s\000t\000i\000n\000g\000\040\000r\000e\000d\000a\000c\000t\000i\000o\000n\000\040\000a\000n\000n\000o\000t\000a\000t\000i\000o\000n}{section.8.2}% 139
\BOOKMARK [2][-]{subsection.8.2.3}{\376\377\000A\000p\000p\000l\000y\000i\000n\000g\000\040\000r\000e\000d\000a\000c\000t\000i\000o\000n\000\040\000a\000n\000n\000o\000t\000a\000t\000i\000o\000n\000s\000\040\000\050\000r\000e\000m\000o\000v\000i\000n\000g\000\040\000r\000e\000d\000a\000c\000t\000e\000d\000\040\000c\000o\000n\000t\000e\000n\000t\000\051}{section.8.2}% 140
\BOOKMARK [0][-]{chapter.9}{\376\377\000W\000o\000r\000k\000i\000n\000g\000\040\000w\000i\000t\000h\000\040\000B\000o\000o\000k\000m\000a\000r\000k\000s}{}% 141
\BOOKMARK [1][-]{section.9.1}{\376\377\000A\000b\000o\000u\000t\000\040\000b\000o\000o\000k\000m\000a\000r\000k\000s}{chapter.9}% 142
\BOOKMARK [1][-]{section.9.2}{\376\377\000C\000r\000e\000a\000t\000i\000n\000g\000\040\000b\000o\000o\000k\000m\000a\000r\000k\000s}{chapter.9}% 143
\BOOKMARK [2][-]{subsection.9.2.1}{\376\377\000D\000e\000f\000i\000n\000i\000n\000g\000\040\000b\000o\000o\000k\000m\000a\000r\000k\000\040\000a\000c\000t\000i\000o\000n\000s}{section.9.2}% 144
\BOOKMARK [2][-]{subsection.9.2.2}{\376\377\000R\000e\000m\000o\000v\000i\000n\000g\000\040\000b\000o\000o\000k\000m\000a\000r\000k\000\040\000a\000c\000t\000i\000o\000n\000s}{section.9.2}% 145
\BOOKMARK [2][-]{subsection.9.2.3}{\376\377\000O\000p\000e\000n\000i\000n\000g\000\040\000a\000n\000d\000\040\000c\000l\000o\000s\000i\000n\000g\000\040\000b\000o\000o\000k\000m\000a\000r\000k\000s}{section.9.2}% 146
\BOOKMARK [1][-]{section.9.3}{\376\377\000R\000e\000t\000r\000i\000e\000v\000i\000n\000g\000\040\000b\000o\000o\000k\000m\000a\000r\000k\000s}{chapter.9}% 147
\BOOKMARK [2][-]{subsection.9.3.1}{\376\377\000R\000e\000t\000r\000i\000e\000v\000i\000n\000g\000\040\000t\000h\000e\000\040\000r\000o\000o\000t\000\040\000b\000o\000o\000k\000m\000a\000r\000k}{section.9.3}% 148
\BOOKMARK [2][-]{subsection.9.3.2}{\376\377\000R\000e\000t\000r\000i\000e\000v\000i\000n\000g\000\040\000a\000\040\000s\000p\000e\000c\000i\000f\000i\000c\000\040\000b\000o\000o\000k\000m\000a\000r\000k}{section.9.3}% 149
\BOOKMARK [2][-]{subsection.9.3.3}{\376\377\000R\000e\000t\000r\000i\000e\000v\000i\000n\000g\000\040\000a\000l\000l\000\040\000b\000o\000o\000k\000m\000a\000r\000k\000s}{section.9.3}% 150
\BOOKMARK [1][-]{section.9.4}{\376\377\000D\000e\000l\000e\000t\000i\000n\000g\000\040\000b\000o\000o\000k\000m\000a\000r\000k\000s}{chapter.9}% 151
\BOOKMARK [0][-]{chapter.10}{\376\377\000W\000o\000r\000k\000i\000n\000g\000\040\000w\000i\000t\000h\000\040\000P\000a\000g\000e\000\040\000V\000i\000e\000w\000s\000\040\000a\000n\000d\000\040\000C\000o\000n\000t\000e\000n\000t\000s}{}% 152
\BOOKMARK [1][-]{section.10.1}{\376\377\000A\000b\000o\000u\000t\000\040\000p\000a\000g\000e\000\040\000c\000o\000o\000r\000d\000i\000n\000a\000t\000e\000s}{chapter.10}% 153
\BOOKMARK [1][-]{section.10.2}{\376\377\000A\000b\000o\000u\000t\000\040\000p\000a\000g\000e\000\040\000v\000i\000e\000w\000s}{chapter.10}% 154
\BOOKMARK [1][-]{section.10.3}{\376\377\000D\000i\000s\000p\000l\000a\000y\000i\000n\000g\000\040\000p\000a\000g\000e\000\040\000v\000i\000e\000w\000s}{chapter.10}% 155
\BOOKMARK [1][-]{section.10.4}{\376\377\000M\000o\000d\000i\000f\000y\000i\000n\000g\000\040\000p\000a\000g\000e\000\040\000c\000o\000n\000t\000e\000n\000t\000s}{chapter.10}% 156
\BOOKMARK [2][-]{subsection.10.4.1}{\376\377\000C\000r\000e\000a\000t\000i\000n\000g\000\040\000a\000\040\000P\000D\000E\000C\000o\000n\000t\000e\000n\000t\000\040\000o\000b\000j\000e\000c\000t}{section.10.4}% 157
\BOOKMARK [2][-]{subsection.10.4.2}{\376\377\000A\000c\000c\000e\000s\000s\000i\000n\000g\000\040\000p\000a\000g\000e\000\040\000c\000o\000n\000t\000e\000n\000t\000s}{section.10.4}% 158
\BOOKMARK [2][-]{subsection.10.4.3}{\376\377\000D\000e\000t\000e\000r\000m\000i\000n\000i\000n\000g\000\040\000p\000a\000g\000e\000\040\000e\000l\000e\000m\000e\000n\000t\000\040\000t\000y\000p\000e\000s}{section.10.4}% 159
\BOOKMARK [2][-]{subsection.10.4.4}{\376\377\000M\000o\000d\000i\000f\000y\000i\000n\000g\000\040\000t\000e\000x\000t\000\040\000e\000l\000e\000m\000e\000n\000t\000s}{section.10.4}% 160
\BOOKMARK [0][-]{chapter.11}{\376\377\000W\000o\000r\000k\000i\000n\000g\000\040\000w\000i\000t\000h\000\040\000W\000o\000r\000d\000s}{}% 161
\BOOKMARK [1][-]{section.11.1}{\376\377\000A\000b\000o\000u\000t\000\040\000s\000e\000a\000r\000c\000h\000i\000n\000g\000\040\000f\000o\000r\000\040\000w\000o\000r\000d\000s}{chapter.11}% 162
\BOOKMARK [2][-]{subsection.11.1.1}{\376\377\000A\000b\000o\000u\000t\000\040\000P\000D\000W\000o\000r\000d\000\040\000t\000y\000p\000e\000d\000e\000f\000s}{section.11.1}% 163
\BOOKMARK [2][-]{subsection.11.1.2}{\376\377\000A\000b\000o\000u\000t\000\040\000P\000D\000W\000o\000r\000d\000F\000i\000n\000d\000e\000r\000\040\000t\000y\000p\000e\000d\000e\000f\000s}{section.11.1}% 164
\BOOKMARK [1][-]{section.11.2}{\376\377\000C\000r\000e\000a\000t\000i\000n\000g\000\040\000a\000\040\000P\000D\000W\000o\000r\000d\000F\000i\000n\000d\000e\000r\000\040\000o\000b\000j\000e\000c\000t}{chapter.11}% 165
\BOOKMARK [1][-]{section.11.3}{\376\377\000E\000x\000t\000r\000a\000c\000t\000i\000n\000g\000\040\000a\000n\000d\000\040\000d\000i\000s\000p\000l\000a\000y\000i\000n\000g\000\040\000w\000o\000r\000d\000s}{chapter.11}% 166
\BOOKMARK [1][-]{section.11.4}{\376\377\000H\000i\000g\000h\000l\000i\000g\000h\000t\000i\000n\000g\000\040\000w\000o\000r\000d\000s}{chapter.11}% 167
\BOOKMARK [0][-]{chapter.12}{\376\377\000C\000r\000e\000a\000t\000i\000n\000g\000\040\000H\000a\000n\000d\000l\000e\000r\000s}{}% 168
\BOOKMARK [1][-]{section.12.1}{\376\377\000A\000b\000o\000u\000t\000\040\000h\000a\000n\000d\000l\000e\000r\000s}{chapter.12}% 169
\BOOKMARK [1][-]{section.12.2}{\376\377\000A\000c\000t\000i\000o\000n\000\040\000h\000a\000n\000d\000l\000e\000r\000s}{chapter.12}% 170
\BOOKMARK [1][-]{section.12.3}{\376\377\000A\000n\000n\000o\000t\000a\000t\000i\000o\000n\000\040\000h\000a\000n\000d\000l\000e\000r\000s}{chapter.12}% 171
\BOOKMARK [1][-]{section.12.4}{\376\377\000A\000V\000C\000o\000m\000m\000a\000n\000d\000\040\000h\000a\000n\000d\000l\000e\000r\000s}{chapter.12}% 172
\BOOKMARK [2][-]{subsection.12.4.1}{\376\377\000C\000r\000e\000a\000t\000i\000n\000g\000\040\000a\000n\000\040\000A\000V\000C\000o\000m\000m\000a\000n\000d\000\040\000h\000a\000n\000d\000l\000e\000r}{section.12.4}% 173
\BOOKMARK [2][-]{subsection.12.4.2}{\376\377\000I\000n\000v\000o\000k\000i\000n\000g\000\040\000A\000V\000C\000o\000m\000m\000a\000n\000d\000s}{section.12.4}% 174
\BOOKMARK [2][-]{subsection.12.4.3}{\376\377\000C\000o\000n\000f\000i\000g\000u\000r\000i\000n\000g\000\040\000A\000V\000C\000o\000m\000m\000a\000n\000d\000s}{section.12.4}% 175
\BOOKMARK [2][-]{subsection.12.4.4}{\376\377\000R\000u\000n\000n\000i\000n\000g\000\040\000c\000o\000m\000m\000a\000n\000d\000s}{section.12.4}% 176
\BOOKMARK [2][-]{subsection.12.4.5}{\376\377\000E\000x\000p\000o\000s\000i\000n\000g\000\040\000A\000V\000C\000o\000m\000m\000a\000n\000d\000s\000\040\000t\000o\000\040\000t\000h\000e\000\040\000b\000a\000t\000c\000h\000\040\000f\000r\000a\000m\000e\000w\000o\000r\000k}{section.12.4}% 177
\BOOKMARK [1][-]{section.12.5}{\376\377\000F\000i\000l\000e\000\040\000f\000o\000r\000m\000a\000t\000\040\000c\000o\000n\000v\000e\000r\000s\000i\000o\000n\000\040\000h\000a\000n\000d\000l\000e\000r\000s}{chapter.12}% 178
\BOOKMARK [1][-]{section.12.6}{\376\377\000F\000i\000l\000e\000\040\000s\000p\000e\000c\000i\000f\000i\000c\000a\000t\000i\000o\000n\000\040\000h\000a\000n\000d\000l\000e\000r\000s}{chapter.12}% 179
\BOOKMARK [1][-]{section.12.7}{\376\377\000S\000e\000l\000e\000c\000t\000i\000o\000n\000\040\000s\000e\000r\000v\000e\000r\000s}{chapter.12}% 180
\BOOKMARK [1][-]{section.12.8}{\376\377\000T\000o\000o\000l\000\040\000c\000a\000l\000l\000b\000a\000c\000k\000s}{chapter.12}% 181
\BOOKMARK [1][-]{section.12.9}{\376\377\000W\000i\000n\000d\000o\000w\000\040\000h\000a\000n\000d\000l\000e\000r\000s}{chapter.12}% 182
\BOOKMARK [1][-]{section.12.10}{\376\377\000F\000i\000l\000e\000\040\000s\000y\000s\000t\000e\000m\000s}{chapter.12}% 183
\BOOKMARK [1][-]{section.12.11}{\376\377\000P\000r\000o\000g\000r\000e\000s\000s\000\040\000m\000o\000n\000i\000t\000o\000r\000s}{chapter.12}% 184
\BOOKMARK [1][-]{section.12.12}{\376\377\000T\000r\000a\000n\000s\000i\000t\000i\000o\000n\000\040\000h\000a\000n\000d\000l\000e\000r\000s}{chapter.12}% 185
\BOOKMARK [1][-]{section.12.13}{\376\377\000A\000d\000d\000i\000n\000g\000\040\000m\000e\000s\000s\000a\000g\000e\000\040\000h\000a\000n\000d\000l\000i\000n\000g}{chapter.12}% 186
\BOOKMARK [0][-]{chapter.13}{\376\377\000R\000e\000g\000i\000s\000t\000e\000r\000i\000n\000g\000\040\000f\000o\000r\000\040\000E\000v\000e\000n\000t\000\040\000N\000o\000t\000i\000f\000i\000c\000a\000t\000i\000o\000n\000s}{}% 187
\BOOKMARK [1][-]{section.13.1}{\376\377\000R\000e\000g\000i\000s\000t\000e\000r\000i\000n\000g\000\040\000e\000v\000e\000n\000t\000\040\000n\000o\000t\000i\000f\000i\000c\000a\000t\000i\000o\000n\000s}{chapter.13}% 188
\BOOKMARK [1][-]{section.13.2}{\376\377\000U\000n\000r\000e\000g\000i\000s\000t\000e\000r\000i\000n\000g\000\040\000e\000v\000e\000n\000t\000\040\000n\000o\000t\000i\000f\000i\000c\000a\000t\000i\000o\000n\000s}{chapter.13}% 189
\BOOKMARK [0][-]{chapter.14}{\376\377\000W\000o\000r\000k\000i\000n\000g\000\040\000w\000i\000t\000h\000\040\000D\000o\000c\000u\000m\000e\000n\000t\000\040\000S\000e\000c\000u\000r\000i\000t\000y}{}% 190
\BOOKMARK [1][-]{section.14.1}{\376\377\000A\000b\000o\000u\000t\000\040\000d\000o\000c\000u\000m\000e\000n\000t\000\040\000s\000e\000c\000u\000r\000i\000t\000y}{chapter.14}% 191
\BOOKMARK [1][-]{section.14.2}{\376\377\000A\000b\000o\000u\000t\000\040\000s\000e\000c\000u\000r\000i\000t\000y\000\040\000h\000a\000n\000d\000l\000e\000r\000s}{chapter.14}% 192
\BOOKMARK [2][-]{subsection.14.2.1}{\376\377\000A\000d\000d\000i\000n\000g\000\040\000a\000\040\000s\000e\000c\000u\000r\000i\000t\000y\000\040\000h\000a\000n\000d\000l\000e\000r}{section.14.2}% 193
\BOOKMARK [2][-]{subsection.14.2.2}{\376\377\000O\000p\000e\000n\000i\000n\000g\000\040\000a\000\040\000s\000e\000c\000u\000r\000e\000d\000\040\000f\000i\000l\000e}{section.14.2}% 194
\BOOKMARK [2][-]{subsection.14.2.3}{\376\377\000S\000a\000v\000i\000n\000g\000\040\000a\000\040\000s\000e\000c\000u\000r\000e\000d\000\040\000f\000i\000l\000e}{section.14.2}% 195
\BOOKMARK [1][-]{section.14.3}{\376\377\000S\000e\000t\000t\000i\000n\000g\000\040\000s\000e\000c\000u\000r\000i\000t\000y\000\040\000f\000o\000r\000\040\000a\000\040\000d\000o\000c\000u\000m\000e\000n\000t}{chapter.14}% 196
\BOOKMARK [2][-]{subsection.14.3.1}{\376\377\000S\000a\000v\000i\000n\000g\000\040\000a\000\040\000f\000i\000l\000e\000\040\000w\000i\000t\000h\000\040\000a\000n\000\040\000e\000n\000c\000r\000y\000p\000t\000i\000o\000n\000\040\000d\000i\000c\000t\000i\000o\000n\000a\000r\000y}{section.14.3}% 197
\BOOKMARK [2][-]{subsection.14.3.2}{\376\377\000O\000p\000e\000n\000i\000n\000g\000\040\000a\000n\000\040\000e\000n\000c\000r\000y\000p\000t\000e\000d\000\040\000f\000i\000l\000e}{section.14.3}% 198
\BOOKMARK [0][-]{chapter.15}{\376\377\000W\000o\000r\000k\000i\000n\000g\000\040\000w\000i\000t\000h\000\040\000U\000n\000i\000c\000o\000d\000e\000\040\000P\000a\000t\000h\000s}{}% 199
\BOOKMARK [1][-]{section.15.1}{\376\377\000A\000b\000o\000u\000t\000\040\000U\000n\000i\000c\000o\000d\000e\000\040\000p\000a\000t\000h\000s}{chapter.15}% 200
\BOOKMARK [1][-]{section.15.2}{\376\377\000C\000r\000e\000a\000t\000i\000n\000g\000\040\000U\000n\000i\000c\000o\000d\000e\000\040\000f\000i\000l\000e\000\040\000p\000a\000t\000h\000\040\000a\000p\000p\000l\000i\000c\000a\000t\000i\000o\000n\000\040\000l\000o\000g\000i\000c}{chapter.15}% 201
\BOOKMARK [1][-]{section.15.3}{\376\377\000R\000e\000t\000r\000i\000e\000v\000i\000n\000g\000\040\000U\000n\000i\000c\000o\000d\000e\000\040\000p\000a\000t\000h\000\040\000v\000a\000l\000u\000e\000s}{chapter.15}% 202
\BOOKMARK [2][-]{subsection.15.3.1}{\376\377\000C\000r\000e\000a\000t\000i\000n\000g\000\040\000a\000n\000\040\000A\000S\000F\000i\000l\000e\000S\000y\000s\000\040\000o\000b\000j\000e\000c\000t}{section.15.3}% 203
\BOOKMARK [2][-]{subsection.15.3.2}{\376\377\000C\000r\000e\000a\000t\000i\000n\000g\000\040\000a\000n\000\040\000A\000S\000F\000i\000l\000e\000S\000y\000s\000\040\000o\000b\000j\000e\000c\000t\000\040\000t\000h\000a\000t\000\040\000s\000u\000p\000p\000o\000r\000t\000s\000\040\000U\000n\000i\000c\000o\000d\000e\000\040\000p\000a\000t\000h\000s}{section.15.3}% 204
\BOOKMARK [0][-]{chapter.16}{\376\377\000W\000o\000r\000k\000i\000n\000g\000\040\000w\000i\000t\000h\000\040\000H\000o\000s\000t\000\040\000F\000u\000n\000c\000t\000i\000o\000n\000\040\000T\000a\000b\000l\000e\000s}{}% 205
\BOOKMARK [1][-]{section.16.1}{\376\377\000A\000b\000o\000u\000t\000\040\000h\000o\000s\000t\000\040\000f\000u\000n\000c\000t\000i\000o\000n\000\040\000t\000a\000b\000l\000e\000s}{chapter.16}% 206
\BOOKMARK [1][-]{section.16.2}{\376\377\000E\000x\000p\000o\000r\000t\000i\000n\000g\000\040\000h\000o\000s\000t\000\040\000f\000u\000n\000c\000t\000i\000o\000n\000\040\000t\000a\000b\000l\000e\000s}{chapter.16}% 207
\BOOKMARK [2][-]{subsection.16.2.1}{\376\377\000C\000r\000e\000a\000t\000i\000n\000g\000\040\000H\000F\000T\000\040\000m\000e\000t\000h\000o\000d\000s}{section.16.2}% 208
\BOOKMARK [2][-]{subsection.16.2.2}{\376\377\000C\000r\000e\000a\000t\000i\000n\000g\000\040\000H\000F\000T\000\040\000m\000e\000t\000h\000o\000d\000\040\000d\000e\000f\000i\000n\000i\000t\000i\000o\000n\000s}{section.16.2}% 209
\BOOKMARK [2][-]{subsection.16.2.3}{\376\377\000C\000r\000e\000a\000t\000i\000n\000g\000\040\000H\000F\000T\000\040\000c\000a\000l\000l\000b\000a\000c\000k\000\040\000f\000u\000n\000c\000t\000i\000o\000n\000s}{section.16.2}% 210
\BOOKMARK [2][-]{subsection.16.2.4}{\376\377\000C\000r\000e\000a\000t\000i\000n\000g\000\040\000n\000e\000w\000\040\000H\000o\000s\000t\000\040\000F\000u\000n\000c\000t\000i\000o\000n\000\040\000T\000a\000b\000l\000e\000s}{section.16.2}% 211
\BOOKMARK [2][-]{subsection.16.2.5}{\376\377\000E\000x\000a\000m\000i\000n\000i\000n\000g\000\040\000H\000F\000T\000\040\000h\000e\000a\000d\000e\000r\000\040\000a\000n\000d\000\040\000s\000o\000u\000r\000c\000e\000\040\000f\000i\000l\000e\000s}{section.16.2}% 212
\BOOKMARK [1][-]{section.16.3}{\376\377\000I\000m\000p\000o\000r\000t\000i\000n\000g\000\040\000a\000n\000\040\000e\000x\000i\000s\000t\000i\000n\000g\000\040\000H\000F\000T}{chapter.16}% 213
\BOOKMARK [1][-]{section.16.4}{\376\377\000I\000n\000v\000o\000k\000i\000n\000g\000\040\000H\000F\000T\000\040\000m\000e\000t\000h\000o\000d\000s}{chapter.16}% 214
\BOOKMARK [1][-]{section.16.5}{\376\377\000R\000e\000p\000l\000a\000c\000i\000n\000g\000\040\000H\000F\000T\000\040\000m\000e\000t\000h\000o\000d\000s}{chapter.16}% 215
\BOOKMARK [1][-]{section.16.6}{\376\377\000M\000i\000g\000r\000a\000t\000i\000n\000g\000\040\000n\000o\000n\000-\000H\000F\000T\000\040\000P\000D\000F\000\040\000L\000i\000b\000r\000a\000r\000y\000\040\000a\000p\000p\000l\000i\000c\000a\000t\000i\000o\000n\000s\000\040\000t\000o\000\040\000H\000F\000T\000\040\000a\000p\000p\000l\000i\000c\000a\000t\000i\000o\000n\000s}{chapter.16}% 216
\BOOKMARK [0][-]{chapter.17}{\376\377\000W\000o\000r\000k\000i\000n\000g\000\040\000w\000i\000t\000h\000\040\000C\000o\000s\000\040\000O\000b\000j\000e\000c\000t\000s}{}% 217
\BOOKMARK [1][-]{section.17.1}{\376\377\000A\000b\000o\000u\000t\000\040\000C\000o\000s\000\040\000o\000b\000j\000e\000c\000t\000s}{chapter.17}% 218
\BOOKMARK [2][-]{subsection.17.1.1}{\376\377\000A\000b\000o\000u\000t\000\040\000d\000i\000r\000e\000c\000t\000\040\000a\000n\000d\000\040\000i\000n\000d\000i\000r\000e\000c\000t\000\040\000o\000b\000j\000e\000c\000t\000s}{section.17.1}% 219
\BOOKMARK [2][-]{subsection.17.1.2}{\376\377\000A\000b\000o\000u\000t\000\040\000C\000o\000s\000\040\000o\000b\000j\000e\000c\000t\000\040\000t\000y\000p\000e\000s}{section.17.1}% 220
\BOOKMARK [1][-]{section.17.2}{\376\377\000W\000o\000r\000k\000i\000n\000g\000\040\000w\000i\000t\000h\000\040\000C\000o\000s\000\040\000s\000t\000r\000i\000n\000g\000s}{chapter.17}% 221
\BOOKMARK [2][-]{subsection.17.2.1}{\376\377\000C\000r\000e\000a\000t\000i\000n\000g\000\040\000C\000o\000s\000\040\000s\000t\000r\000i\000n\000g\000s}{section.17.2}% 222
\BOOKMARK [2][-]{subsection.17.2.2}{\376\377\000R\000e\000t\000r\000i\000e\000v\000i\000n\000g\000\040\000t\000h\000e\000\040\000s\000t\000r\000i\000n\000g\000\040\000v\000a\000l\000u\000e}{section.17.2}% 223
\BOOKMARK [1][-]{section.17.3}{\376\377\000W\000o\000r\000k\000i\000n\000g\000\040\000w\000i\000t\000h\000\040\000C\000o\000s\000\040\000a\000r\000r\000a\000y\000s}{chapter.17}% 224
\BOOKMARK [2][-]{subsection.17.3.1}{\376\377\000C\000r\000e\000a\000t\000i\000n\000g\000\040\000C\000o\000s\000\040\000a\000r\000r\000a\000y\000s}{section.17.3}% 225
\BOOKMARK [2][-]{subsection.17.3.2}{\376\377\000R\000e\000t\000r\000i\000e\000v\000i\000n\000g\000\040\000C\000o\000s\000\040\000a\000r\000r\000a\000y\000\040\000v\000a\000l\000u\000e\000s}{section.17.3}% 226
\BOOKMARK [1][-]{section.17.4}{\376\377\000W\000o\000r\000k\000i\000n\000g\000\040\000w\000i\000t\000h\000\040\000C\000o\000s\000\040\000d\000i\000c\000t\000i\000o\000n\000a\000r\000i\000e\000s}{chapter.17}% 227
\BOOKMARK [2][-]{subsection.17.4.1}{\376\377\000C\000r\000e\000a\000t\000i\000n\000g\000\040\000C\000o\000s\000\040\000d\000i\000c\000t\000i\000o\000n\000a\000r\000i\000e\000s}{section.17.4}% 228
\BOOKMARK [2][-]{subsection.17.4.2}{\376\377\000R\000e\000t\000r\000i\000e\000v\000i\000n\000g\000\040\000v\000a\000l\000u\000e\000s\000\040\000f\000r\000o\000m\000\040\000a\000\040\000C\000o\000s\000\040\000d\000i\000c\000t\000i\000o\000n\000a\000r\000y}{section.17.4}% 229
\BOOKMARK [2][-]{subsection.17.4.3}{\376\377\000Q\000u\000e\000r\000y\000i\000n\000g\000\040\000a\000\040\000C\000o\000s\000\040\000d\000i\000c\000t\000i\000o\000n\000a\000r\000y\000\040\000f\000o\000r\000\040\000a\000\040\000k\000e\000y}{section.17.4}% 230
\BOOKMARK [1][-]{section.17.5}{\376\377\000W\000o\000r\000k\000i\000n\000g\000\040\000w\000i\000t\000h\000\040\000C\000o\000s\000\040\000n\000a\000m\000e\000s}{chapter.17}% 231
\BOOKMARK [2][-]{subsection.17.5.1}{\376\377\000C\000r\000e\000a\000t\000i\000n\000g\000\040\000C\000o\000s\000\040\000n\000a\000m\000e\000s}{section.17.5}% 232
\BOOKMARK [2][-]{subsection.17.5.2}{\376\377\000R\000e\000t\000r\000i\000e\000v\000i\000n\000g\000\040\000t\000h\000e\000\040\000v\000a\000l\000u\000e\000\040\000o\000f\000\040\000a\000\040\000n\000a\000m\000e\000\040\000o\000b\000j\000e\000c\000t}{section.17.5}% 233
\BOOKMARK [1][-]{section.17.6}{\376\377\000W\000o\000r\000k\000i\000n\000g\000\040\000w\000i\000t\000h\000\040\000C\000o\000s\000\040\000s\000t\000r\000e\000a\000m\000s}{chapter.17}% 234
\BOOKMARK [2][-]{subsection.17.6.1}{\376\377\000C\000r\000e\000a\000t\000i\000n\000g\000\040\000C\000o\000s\000\040\000s\000t\000r\000e\000a\000m\000s}{section.17.6}% 235
\BOOKMARK [2][-]{subsection.17.6.2}{\376\377\000P\000o\000p\000u\000l\000a\000t\000i\000n\000g\000\040\000a\000\040\000P\000D\000F\000\040\000w\000i\000t\000h\000\040\000a\000\040\000c\000o\000n\000t\000e\000n\000t\000\040\000s\000t\000r\000e\000a\000m}{section.17.6}% 236
\BOOKMARK [0][-]{chapter.18}{\376\377\000W\000o\000r\000k\000i\000n\000g\000\040\000w\000i\000t\000h\000\040\0003\000D\000\040\000A\000n\000n\000o\000t\000a\000t\000i\000o\000n\000s}{}% 237
\BOOKMARK [1][-]{section.18.1}{\376\377\000C\000r\000e\000a\000t\000i\000n\000g\000\040\0003\000D\000\040\000a\000n\000n\000o\000t\000a\000t\000i\000o\000n\000s}{chapter.18}% 238
\BOOKMARK [1][-]{section.18.2}{\376\377\000A\000d\000d\000i\000n\000g\000\040\0003\000D\000\040\000d\000a\000t\000a\000\040\000t\000o\000\040\000a\000n\000\040\000a\000n\000n\000o\000t\000a\000t\000i\000o\000n}{chapter.18}% 239
\BOOKMARK [2][-]{subsection.18.2.1}{\376\377\000C\000r\000e\000a\000t\000i\000n\000g\000\040\000t\000h\000e\000\040\0003\000D\000\040\000a\000n\000n\000o\000t\000a\000t\000i\000o\000n\000\040\000d\000i\000c\000t\000i\000o\000n\000a\000r\000y\000\040\000e\000n\000t\000r\000i\000e\000s}{section.18.2}% 240
\BOOKMARK [2][-]{subsection.18.2.2}{\376\377\000S\000p\000e\000c\000i\000f\000y\000i\000n\000g\000\040\000t\000h\000e\000\040\0003\000D\000\040\000s\000t\000r\000e\000a\000m}{section.18.2}% 241
\BOOKMARK [2][-]{subsection.18.2.3}{\376\377\000S\000e\000t\000t\000i\000n\000g\000\040\000t\000h\000e\000\040\000d\000e\000f\000a\000u\000l\000t\000\040\000v\000i\000e\000w}{section.18.2}% 242
\BOOKMARK [2][-]{subsection.18.2.4}{\376\377\000S\000e\000t\000t\000i\000n\000g\000\040\000t\000h\000e\000\040\000a\000n\000n\000o\000t\000a\000t\000i\000o\000n\000\040\000a\000p\000p\000e\000a\000r\000a\000n\000c\000e}{section.18.2}% 243
\BOOKMARK [2][-]{subsection.18.2.5}{\376\377\000S\000e\000t\000t\000i\000n\000g\000\040\000t\000h\000e\000\040\000a\000c\000t\000i\000v\000a\000t\000i\000o\000n\000\040\000d\000i\000c\000t\000i\000o\000n\000a\000r\000y}{section.18.2}% 244
\BOOKMARK [0][-]{chapter.19}{\376\377\000P\000a\000r\000s\000i\000n\000g\000\040\000a\000n\000d\000\040\000C\000r\000e\000a\000t\000i\000n\000g\000\040\000P\000R\000C\000\040\000F\000i\000l\000e\000s}{}% 245
\BOOKMARK [1][-]{section.19.1}{\376\377\000W\000o\000r\000k\000i\000n\000g\000\040\000w\000i\000t\000h\000\040\000t\000h\000e\000\040\000A\000c\000r\000o\000b\000a\000t\000\040\0003\000D\000\040\000A\000P\000I}{chapter.19}% 246
\BOOKMARK [2][-]{subsection.19.1.1}{\376\377\000V\000e\000r\000s\000i\000o\000n\000s}{section.19.1}% 247
\BOOKMARK [2][-]{subsection.19.1.2}{\376\377\000C\000o\000m\000p\000a\000t\000i\000b\000i\000l\000i\000t\000y\000\040\000w\000i\000t\000h\000\040\000d\000i\000f\000f\000e\000r\000e\000n\000t\000\040\000P\000R\000C\000\040\000f\000o\000r\000m\000a\000t\000\040\000v\000e\000r\000s\000i\000o\000n\000s}{section.19.1}% 248
\BOOKMARK [2][-]{subsection.19.1.3}{\376\377\000C\000o\000m\000p\000a\000t\000i\000b\000i\000l\000i\000t\000y\000\040\000b\000e\000t\000w\000e\000e\000n\000\040\000t\000h\000e\000\040\000A\000c\000r\000o\000b\000a\000t\000\040\0003\000D\000\040\000L\000i\000b\000r\000a\000r\000y\000\040\000a\000n\000d\000\040\000t\000h\000e\000\040\000A\000c\000r\000o\000b\000a\000t\000\040\0003\000D\000\040\000A\000P\000I}{section.19.1}% 249
\BOOKMARK [2][-]{subsection.19.1.4}{\376\377\000R\000e\000q\000u\000i\000r\000e\000m\000e\000n\000t\000s}{section.19.1}% 250
\BOOKMARK [2][-]{subsection.19.1.5}{\376\377\000D\000a\000t\000a\000\040\000t\000y\000p\000e\000s\000,\000\040\000n\000a\000m\000i\000n\000g\000\040\000c\000o\000n\000v\000e\000n\000t\000i\000o\000n\000s\000,\000\040\000a\000n\000d\000\040\000c\000h\000a\000r\000a\000c\000t\000e\000r\000\040\000e\000n\000c\000o\000d\000i\000n\000g}{section.19.1}% 251
\BOOKMARK [2][-]{subsection.19.1.6}{\376\377\000S\000t\000r\000u\000c\000t\000u\000r\000e\000d\000\040\000a\000n\000d\000\040\000r\000e\000c\000u\000r\000s\000i\000v\000e\000\040\000n\000a\000t\000u\000r\000e\000\040\000o\000f\000\040\000P\000R\000C\000\040\000p\000a\000r\000s\000i\000n\000g}{section.19.1}% 252
\BOOKMARK [1][-]{section.19.2}{\376\377\000I\000m\000p\000l\000e\000m\000e\000n\000t\000i\000n\000g\000\040\000e\000x\000t\000e\000r\000n\000a\000l\000\040\000l\000i\000n\000k\000i\000n\000g\000\040\000i\000n\000\040\000y\000o\000u\000r\000\040\000p\000l\000u\000g\000i\000n}{chapter.19}% 253
\BOOKMARK [2][-]{subsection.19.2.1}{\376\377\000I\000m\000p\000l\000e\000m\000e\000n\000t\000i\000n\000g\000\040\000e\000x\000t\000e\000r\000n\000a\000l\000\040\000l\000i\000n\000k\000i\000n\000g}{section.19.2}% 254
\BOOKMARK [1][-]{section.19.3}{\376\377\000P\000a\000r\000s\000i\000n\000g\000\040\000a\000\040\000P\000R\000C\000\040\000f\000i\000l\000e}{chapter.19}% 255
\BOOKMARK [2][-]{subsection.19.3.1}{\376\377\000H\000a\000n\000d\000l\000i\000n\000g\000\040\000e\000r\000r\000o\000r\000s}{section.19.3}% 256
\BOOKMARK [2][-]{subsection.19.3.2}{\376\377\000C\000o\000p\000y\000i\000n\000g\000\040\000t\000h\000e\000\040\000e\000m\000b\000e\000d\000d\000e\000d\000\040\000P\000R\000C\000\040\000f\000i\000l\000e\000\040\000t\000o\000\040\000a\000\040\000s\000e\000p\000a\000r\000a\000t\000e\000\040\000f\000i\000l\000e}{section.19.3}% 257
\BOOKMARK [2][-]{subsection.19.3.3}{\376\377\000I\000n\000i\000t\000i\000a\000l\000i\000z\000i\000n\000g\000\040\000t\000h\000e\000\040\000A\000c\000r\000o\000b\000a\000t\000\040\0003\000D\000\040\000A\000P\000I}{section.19.3}% 258
\BOOKMARK [2][-]{subsection.19.3.4}{\376\377\000P\000a\000r\000s\000i\000n\000g\000\040\000s\000t\000r\000u\000c\000t\000u\000r\000e\000\040\000P\000R\000C\000\040\000e\000n\000t\000i\000t\000i\000e\000s}{section.19.3}% 259
\BOOKMARK [2][-]{subsection.19.3.5}{\376\377\000P\000a\000r\000s\000i\000n\000g\000\040\000t\000e\000s\000s\000e\000l\000l\000a\000t\000i\000o\000n\000\040\000P\000R\000C\000\040\000e\000n\000t\000i\000t\000i\000e\000s}{section.19.3}% 260
\BOOKMARK [2][-]{subsection.19.3.6}{\376\377\000P\000a\000r\000s\000i\000n\000g\000\040\000t\000o\000p\000o\000l\000o\000g\000y\000\040\000P\000R\000C\000\040\000e\000n\000t\000i\000t\000i\000e\000s}{section.19.3}% 261
\BOOKMARK [2][-]{subsection.19.3.7}{\376\377\000P\000a\000r\000s\000i\000n\000g\000\040\000P\000R\000C\000\040\000e\000n\000t\000i\000t\000i\000e\000s\000\040\000t\000h\000a\000t\000\040\000s\000p\000e\000c\000i\000f\000y\000\040\000g\000r\000a\000p\000h\000i\000c\000s}{section.19.3}% 262
\BOOKMARK [2][-]{subsection.19.3.8}{\376\377\000P\000a\000r\000s\000i\000n\000g\000\040\000a\000t\000t\000r\000i\000b\000u\000t\000e\000s\000\040\000t\000h\000a\000t\000\040\000a\000p\000p\000e\000a\000r\000\040\000i\000n\000\040\000a\000n\000\040\000e\000n\000t\000i\000t\000y\000\040\000b\000a\000s\000e}{section.19.3}% 263
\BOOKMARK [2][-]{subsection.19.3.9}{\376\377\000T\000e\000r\000m\000i\000n\000a\000t\000i\000n\000g\000\040\000t\000h\000e\000\040\000i\000n\000t\000e\000r\000f\000a\000c\000e\000\040\000w\000i\000t\000h\000\040\000t\000h\000e\000\040\000A\000c\000r\000o\000b\000a\000t\000\040\0003\000D\000\040\000A\000P\000I}{section.19.3}% 264
\BOOKMARK [1][-]{section.19.4}{\376\377\000C\000r\000e\000a\000t\000i\000n\000g\000\040\000a\000\040\000P\000R\000C\000\040\000f\000i\000l\000e\000\040\000t\000h\000a\000t\000\040\000u\000s\000e\000s\000\040\000b\000o\000u\000n\000d\000a\000r\000y\000\040\000r\000e\000p\000r\000e\000s\000e\000n\000t\000a\000t\000i\000o\000n}{chapter.19}% 265
\BOOKMARK [2][-]{subsection.19.4.1}{\376\377\000E\000r\000r\000o\000r\000\040\000h\000a\000n\000d\000l\000i\000n\000g}{section.19.4}% 266
\BOOKMARK [2][-]{subsection.19.4.2}{\376\377\000C\000r\000e\000a\000t\000i\000n\000g\000\040\000a\000\040\000m\000o\000d\000e\000l\000\040\000f\000i\000l\000e\000\040\000e\000n\000t\000i\000t\000y\000\040\000a\000n\000d\000\040\000e\000x\000p\000o\000r\000t\000i\000n\000g\000\040\000i\000t\000\040\000t\000o\000\040\000a\000\040\000p\000h\000y\000s\000i\000c\000a\000l\000\040\000f\000i\000l\000e}{section.19.4}% 267
\BOOKMARK [2][-]{subsection.19.4.3}{\376\377\000C\000r\000e\000a\000t\000i\000n\000g\000\040\000s\000t\000r\000u\000c\000t\000u\000r\000e\000\040\000P\000R\000C\000\040\000e\000n\000t\000i\000t\000i\000e\000s}{section.19.4}% 268
\BOOKMARK [2][-]{subsection.19.4.4}{\376\377\000C\000r\000e\000a\000t\000i\000n\000g\000\040\000r\000e\000p\000r\000e\000s\000e\000n\000t\000a\000t\000i\000o\000n\000\040\000i\000t\000e\000m\000\040\000P\000R\000C\000\040\000e\000n\000t\000i\000t\000i\000e\000s}{section.19.4}% 269
\BOOKMARK [2][-]{subsection.19.4.5}{\376\377\000C\000r\000e\000a\000t\000i\000n\000g\000\040\000t\000o\000p\000o\000l\000o\000g\000y\000\040\000P\000R\000C\000\040\000e\000n\000t\000i\000t\000i\000e\000s}{section.19.4}% 270
\BOOKMARK [2][-]{subsection.19.4.6}{\376\377\000C\000r\000e\000a\000t\000i\000n\000g\000\040\000g\000e\000o\000m\000e\000t\000r\000y\000\040\000P\000R\000C\000\040\000e\000n\000t\000i\000t\000i\000e\000s}{section.19.4}% 271
\BOOKMARK [2][-]{subsection.19.4.7}{\376\377\000D\000e\000f\000i\000n\000i\000n\000g\000\040\000r\000o\000o\000t\000-\000l\000e\000v\000e\000l\000\040\000a\000t\000t\000r\000i\000b\000u\000t\000e\000s\000\040\000f\000o\000r\000\040\000a\000\040\000P\000R\000C\000\040\000e\000n\000t\000i\000t\000y}{section.19.4}% 272
\BOOKMARK [2][-]{subsection.19.4.8}{\376\377\000C\000r\000e\000a\000t\000i\000n\000g\000\040\000a\000\040\0003\000D\000\040\000a\000n\000n\000o\000t\000a\000t\000i\000o\000n\000\040\000t\000h\000a\000t\000\040\000r\000e\000f\000e\000r\000e\000n\000c\000e\000s\000\040\000t\000h\000e\000\040\000P\000R\000C\000\040\000f\000i\000l\000e}{section.19.4}% 273
\BOOKMARK [1][-]{section.19.5}{\376\377\000C\000r\000e\000a\000t\000i\000n\000g\000\040\000a\000\040\000t\000e\000s\000s\000e\000l\000l\000a\000t\000i\000o\000n\000\040\000e\000n\000t\000i\000t\000y\000\040\000f\000o\000r\000\040\000r\000e\000p\000r\000e\000s\000e\000n\000t\000i\000n\000g\000\040\000f\000a\000c\000e\000t\000e\000d\000\040\000o\000b\000j\000e\000c\000t\000s}{chapter.19}% 274
\BOOKMARK [2][-]{subsection.19.5.1}{\376\377\000C\000r\000e\000a\000t\000e\000\040\000t\000h\000e\000\040\000t\000e\000s\000s\000e\000l\000l\000a\000t\000i\000o\000n\000\040\000b\000a\000s\000e\000\040\000d\000a\000t\000a}{section.19.5}% 275
\BOOKMARK [2][-]{subsection.19.5.2}{\376\377\000C\000r\000e\000a\000t\000e\000\040\000t\000h\000e\000\040\000t\000e\000s\000s\000e\000l\000l\000a\000t\000i\000o\000n\000\040\000f\000a\000c\000e\000t\000\040\000d\000a\000t\000a}{section.19.5}% 276
\BOOKMARK [0][-]{chapter.20}{\376\377\000H\000a\000n\000d\000l\000i\000n\000g\000\040\000E\000x\000c\000e\000p\000t\000i\000o\000n\000s}{}% 277
\BOOKMARK [1][-]{section.20.1}{\376\377\000C\000r\000e\000a\000t\000i\000n\000g\000\040\000e\000x\000c\000e\000p\000t\000i\000o\000n\000\040\000h\000a\000n\000d\000l\000e\000r\000s}{chapter.20}% 278
\BOOKMARK [1][-]{section.20.2}{\376\377\000R\000e\000t\000u\000r\000n\000i\000n\000g\000\040\000a\000\040\000v\000a\000l\000u\000e\000\040\000f\000r\000o\000m\000\040\000a\000n\000\040\000e\000x\000c\000e\000p\000t\000i\000o\000n\000\040\000h\000a\000n\000d\000l\000e\000r}{chapter.20}% 279
\BOOKMARK [1][-]{section.20.3}{\376\377\000R\000a\000i\000s\000i\000n\000g\000\040\000e\000x\000c\000e\000p\000t\000i\000o\000n\000s}{chapter.20}% 280
\BOOKMARK [1][-]{section.20.4}{\376\377\000E\000x\000c\000e\000p\000t\000i\000o\000n\000\040\000h\000a\000n\000d\000l\000i\000n\000g\000\040\000s\000c\000e\000n\000a\000r\000i\000o\000s}{chapter.20}% 281
\BOOKMARK [2][-]{subsection.20.4.1}{\376\377\000U\000s\000i\000n\000g\000\040\000g\000o\000t\000o\000\040\000s\000t\000a\000t\000e\000m\000e\000n\000t\000s}{section.20.4}% 282
\BOOKMARK [2][-]{subsection.20.4.2}{\376\377\000U\000s\000i\000n\000g\000\040\000n\000e\000s\000t\000e\000d\000\040\000e\000x\000c\000e\000p\000t\000i\000o\000n\000\040\000h\000a\000n\000d\000l\000e\000r\000s}{section.20.4}% 283
\BOOKMARK [2][-]{subsection.20.4.3}{\376\377\000U\000s\000i\000n\000g\000\040\000r\000e\000g\000i\000s\000t\000e\000r\000\040\000v\000a\000r\000i\000a\000b\000l\000e\000s}{section.20.4}% 284
\BOOKMARK [0][-]{chapter.21}{\376\377\000W\000o\000r\000k\000i\000n\000g\000\040\000w\000i\000t\000h\000\040\000A\000c\000r\000o\000b\000a\000t\000\040\000E\000x\000t\000e\000n\000d\000e\000d\000\040\000A\000P\000I\000s}{}% 285
\BOOKMARK [1][-]{section.21.1}{\376\377\000S\000e\000a\000r\000c\000h\000\040\000e\000x\000t\000e\000n\000d\000e\000d\000\040\000A\000P\000I}{chapter.21}% 286
\BOOKMARK [1][-]{section.21.2}{\376\377\000C\000a\000t\000a\000l\000o\000g\000\040\000e\000x\000t\000e\000n\000d\000e\000d\000\040\000A\000P\000I}{chapter.21}% 287
\BOOKMARK [1][-]{section.21.3}{\376\377\000P\000D\000F\000\040\000C\000o\000n\000s\000u\000l\000t\000a\000n\000t\000\040\000a\000n\000d\000\040\000A\000c\000c\000e\000s\000s\000i\000b\000i\000l\000i\000t\000y\000\040\000C\000h\000e\000c\000k\000e\000r\000\040\000e\000x\000t\000e\000n\000d\000e\000d\000\040\000A\000P\000I}{chapter.21}% 288
\BOOKMARK [2][-]{subsection.21.3.1}{\376\377\000A\000c\000r\000o\000b\000a\000t\000\040\000a\000g\000e\000n\000t\000s}{section.21.3}% 289
\BOOKMARK [2][-]{subsection.21.3.2}{\376\377\000R\000e\000c\000l\000a\000s\000s\000i\000f\000y\000i\000n\000g\000\040\000a\000n\000d\000\040\000r\000e\000v\000i\000s\000i\000t\000i\000n\000g}{section.21.3}% 290
\BOOKMARK [2][-]{subsection.21.3.3}{\376\377\000A\000g\000e\000n\000t\000\040\000a\000r\000c\000h\000i\000t\000e\000c\000t\000u\000r\000e}{section.21.3}% 291
\BOOKMARK [2][-]{subsection.21.3.4}{\376\377\000H\000o\000w\000\040\000t\000h\000e\000\040\000c\000o\000n\000s\000u\000l\000t\000a\000n\000t\000\040\000w\000o\000r\000k\000s}{section.21.3}% 292
\BOOKMARK [2][-]{subsection.21.3.5}{\376\377\000I\000m\000p\000o\000r\000t\000a\000n\000t\000\040\000i\000s\000s\000u\000e\000s\000\040\000f\000o\000r\000\040\000c\000o\000n\000s\000u\000l\000t\000a\000n\000t\000\040\000d\000e\000v\000e\000l\000o\000p\000m\000e\000n\000t}{section.21.3}% 293
\BOOKMARK [2][-]{subsection.21.3.6}{\376\377\000I\000m\000p\000o\000r\000t\000i\000n\000g\000\040\000t\000h\000e\000\040\000c\000o\000n\000s\000u\000l\000t\000a\000n\000t\000\040\000H\000F\000T\000s\000\040\000i\000n\000t\000o\000\040\000a\000\040\000p\000l\000u\000g\000i\000n}{section.21.3}% 294
\BOOKMARK [2][-]{subsection.21.3.7}{\376\377\000C\000r\000e\000a\000t\000i\000n\000g\000\040\000a\000n\000d\000\040\000d\000e\000s\000t\000r\000o\000y\000i\000n\000g\000\040\000c\000o\000n\000s\000u\000l\000t\000a\000n\000t\000s}{section.21.3}% 295
\BOOKMARK [2][-]{subsection.21.3.8}{\376\377\000R\000e\000g\000i\000s\000t\000e\000r\000i\000n\000g\000\040\000a\000g\000e\000n\000t\000s\000\040\000w\000i\000t\000h\000\040\000c\000o\000n\000s\000u\000l\000t\000a\000n\000t\000s}{section.21.3}% 296
\BOOKMARK [2][-]{subsection.21.3.9}{\376\377\000S\000t\000a\000r\000t\000i\000n\000g\000\040\000t\000h\000e\000\040\000c\000o\000n\000s\000u\000l\000t\000a\000n\000t}{section.21.3}% 297
\BOOKMARK [2][-]{subsection.21.3.10}{\376\377\000C\000o\000n\000s\000u\000l\000t\000a\000n\000t\000\040\000o\000b\000j\000e\000c\000t\000\040\000t\000y\000p\000e\000\040\000i\000d\000e\000n\000t\000i\000f\000i\000c\000a\000t\000i\000o\000n}{section.21.3}% 298
\BOOKMARK [2][-]{subsection.21.3.11}{\376\377\000C\000r\000e\000a\000t\000i\000n\000g\000\040\000a\000n\000\040\000a\000g\000e\000n\000t\000\040\000c\000l\000a\000s\000s}{section.21.3}% 299
\BOOKMARK [2][-]{subsection.21.3.12}{\376\377\000C\000r\000e\000a\000t\000i\000n\000g\000\040\000a\000g\000e\000n\000t\000\040\000c\000o\000n\000s\000t\000r\000u\000c\000t\000o\000r\000s}{section.21.3}% 300
\BOOKMARK [2][-]{subsection.21.3.13}{\376\377\000R\000e\000c\000o\000g\000n\000i\000z\000i\000n\000g\000\040\000o\000b\000j\000e\000c\000t\000s\000\040\000o\000f\000\040\000i\000n\000t\000e\000r\000e\000s\000t}{section.21.3}% 301
\BOOKMARK [2][-]{subsection.21.3.14}{\376\377\000P\000o\000s\000t\000\040\000p\000r\000o\000c\000e\000s\000s\000i\000n\000g\000\040\000s\000t\000a\000g\000e}{section.21.3}% 302
\BOOKMARK [1][-]{section.21.4}{\376\377\000D\000i\000g\000i\000t\000a\000l\000\040\000s\000i\000g\000n\000a\000t\000u\000r\000e\000\040\000e\000x\000t\000e\000n\000d\000e\000d\000\040\000A\000P\000I}{chapter.21}% 303
\BOOKMARK [2][-]{subsection.21.4.1}{\376\377\000T\000h\000e\000\040\000P\000u\000b\000S\000e\000c\000\040\000l\000a\000y\000e\000r}{section.21.4}% 304
\BOOKMARK [2][-]{subsection.21.4.2}{\376\377\000D\000i\000g\000i\000t\000a\000l\000\040\000s\000i\000g\000n\000a\000t\000u\000r\000e\000\040\000c\000o\000m\000p\000o\000n\000e\000n\000t\000s}{section.21.4}% 305
\BOOKMARK [2][-]{subsection.21.4.3}{\376\377\000D\000i\000g\000i\000t\000a\000l\000\040\000s\000i\000g\000n\000a\000t\000u\000r\000e\000\040\000s\000c\000e\000n\000a\000r\000i\000o\000s}{section.21.4}% 306
\BOOKMARK [2][-]{subsection.21.4.4}{\376\377\000I\000n\000i\000t\000i\000a\000l\000i\000z\000i\000n\000g\000\040\000t\000h\000e\000\040\000d\000i\000g\000i\000t\000a\000l\000\040\000s\000i\000g\000n\000a\000t\000u\000r\000e\000\040\000p\000l\000u\000g\000i\000n}{section.21.4}% 307
\BOOKMARK [2][-]{subsection.21.4.5}{\376\377\000U\000n\000d\000e\000r\000s\000t\000a\000n\000d\000i\000n\000g\000\040\000t\000h\000e\000\040\000p\000r\000o\000c\000e\000s\000s}{section.21.4}% 308
\BOOKMARK [1][-]{section.21.5}{\376\377\000F\000o\000r\000m\000s\000\040\000e\000x\000t\000e\000n\000d\000e\000d\000\040\000A\000P\000I}{chapter.21}% 309
\BOOKMARK [1][-]{section.21.6}{\376\377\000W\000e\000b\000l\000i\000n\000k\000\040\000e\000x\000t\000e\000n\000d\000e\000d\000\040\000A\000P\000I}{chapter.21}% 310
\BOOKMARK [2][-]{subsection.21.6.1}{\376\377\000W\000e\000b\000l\000i\000n\000k\000\040\000s\000e\000r\000v\000i\000c\000e\000s}{section.21.6}% 311
\BOOKMARK [2][-]{subsection.21.6.2}{\376\377\000W\000r\000i\000t\000i\000n\000g\000\040\000a\000\040\000c\000u\000s\000t\000o\000m\000\040\000d\000r\000i\000v\000e\000r}{section.21.6}% 312
\BOOKMARK [1][-]{section.21.7}{\376\377\000S\000p\000e\000l\000l\000i\000n\000g\000\040\000e\000x\000t\000e\000n\000d\000e\000d\000\040\000A\000P\000I}{chapter.21}% 313
\BOOKMARK [1][-]{section.21.8}{\376\377\000A\000c\000r\000o\000C\000o\000l\000o\000r\000\040\000e\000x\000t\000e\000n\000d\000e\000d\000\040\000A\000P\000I}{chapter.21}% 314
\BOOKMARK [2][-]{subsection.21.8.1}{\376\377\000C\000o\000l\000o\000r\000\040\000c\000o\000n\000v\000e\000r\000s\000i\000o\000n\000\040\000o\000p\000e\000r\000a\000t\000i\000o\000n\000s}{section.21.8}% 315
\BOOKMARK [1][-]{section.21.9}{\376\377\000P\000D\000F\000\040\000O\000p\000t\000i\000m\000i\000z\000e\000r\000\040\000A\000P\000I}{chapter.21}% 316
\BOOKMARK [0][-]{chapter.22}{\376\377\000C\000r\000e\000a\000t\000i\000n\000g\000\040\000a\000n\000\040\000A\000d\000o\000b\000e\000\040\000R\000e\000a\000d\000e\000r\000\040\000p\000l\000u\000g\000i\000n}{}% 317
\BOOKMARK [1][-]{section.22.1}{\376\377\000C\000o\000n\000f\000i\000g\000u\000r\000i\000n\000g\000\040\000p\000r\000e\000p\000r\000o\000c\000e\000s\000s\000o\000r\000\040\000d\000e\000f\000i\000n\000i\000t\000i\000o\000n\000s}{chapter.22}% 318
\BOOKMARK [1][-]{section.22.2}{\376\377\000C\000r\000e\000a\000t\000i\000n\000g\000\040\000t\000h\000e\000\040\000p\000u\000b\000l\000i\000c\000\040\000a\000n\000d\000\040\000p\000r\000i\000v\000a\000t\000e\000\040\000k\000e\000y\000\040\000p\000a\000i\000r\000s}{chapter.22}% 319
\BOOKMARK [1][-]{section.22.3}{\376\377\000E\000n\000a\000b\000l\000i\000n\000g\000\040\000t\000h\000e\000\040\000p\000l\000u\000g\000i\000n\000\040\000f\000o\000r\000\040\000A\000d\000o\000b\000e\000\040\000R\000e\000a\000d\000e\000r}{chapter.22}% 320
\BOOKMARK [1][-]{section.22.4}{\376\377\000T\000r\000o\000u\000b\000l\000e\000s\000h\000o\000o\000t\000i\000n\000g\000\040\000a\000n\000\040\000A\000d\000o\000b\000e\000\040\000R\000e\000a\000d\000e\000r\000\040\000p\000l\000u\000g\000i\000n}{chapter.22}% 321
\BOOKMARK [2][-]{subsection.22.4.1}{\376\377\000P\000l\000u\000g\000i\000n\000\040\000a\000p\000p\000e\000a\000r\000s\000\040\000t\000o\000\040\000b\000e\000\040\000i\000g\000n\000o\000r\000e\000d\000\040\000b\000y\000\040\000A\000d\000o\000b\000e\000\040\000R\000e\000a\000d\000e\000r}{section.22.4}% 322
\BOOKMARK [2][-]{subsection.22.4.2}{\376\377\000A\000d\000o\000b\000e\000\040\000R\000e\000a\000d\000e\000r\000\040\000e\000r\000r\000o\000r\000\040\000m\000e\000s\000s\000a\000g\000e\000s}{section.22.4}% 323
\BOOKMARK [0][-]{chapter.23}{\376\377\000R\000e\000a\000d\000e\000r\000\040\000P\000l\000u\000g\000i\000n\000s}{}% 324
\BOOKMARK [1][-]{section.23.1}{\376\377\000R\000e\000a\000d\000e\000r\000\040\000e\000n\000a\000b\000l\000e\000m\000e\000n\000t}{chapter.23}% 325
\BOOKMARK [1][-]{section.23.2}{\376\377\000A\000P\000I\000s\000\040\000a\000v\000a\000i\000l\000a\000b\000l\000e\000\040\000f\000o\000r\000\040\000A\000d\000o\000b\000e\000\040\000R\000e\000a\000d\000e\000r}{chapter.23}% 326
