\BOOKMARK [0][-]{chapter.1}{\376\377\000A\000c\000r\000o\000b\000a\000t\000\040\000a\000n\000d\000\040\000P\000D\000F\000L\000\040\000S\000D\000K\000s\000\040\000a\000n\000d\000\040\000A\000c\000c\000e\000s\000s\000i\000b\000i\000l\000i\000t\000y}{}% 1
\BOOKMARK [1][-]{section.1.1}{\376\377\000D\000e\000t\000e\000r\000m\000i\000n\000i\000n\000g\000\040\000r\000e\000n\000d\000e\000r\000i\000n\000g\000\040\000o\000r\000d\000e\000r\000\040\000a\000n\000d\000\040\000l\000o\000g\000i\000c\000a\000l\000\040\000o\000r\000d\000e\000r}{chapter.1}% 2
\BOOKMARK [1][-]{section.1.2}{\376\377\000P\000r\000o\000c\000e\000s\000s\000i\000n\000g\000\040\000i\000n\000a\000c\000c\000e\000s\000s\000i\000b\000l\000e\000\040\000d\000o\000c\000u\000m\000e\000n\000t\000s}{chapter.1}% 3
\BOOKMARK [1][-]{section.1.3}{\376\377\000H\000a\000n\000d\000l\000i\000n\000g\000\040\000e\000v\000e\000n\000t\000\040\000n\000o\000t\000i\000f\000i\000c\000a\000t\000i\000o\000n\000s}{chapter.1}% 4
\BOOKMARK [0][-]{chapter.2}{\376\377\000R\000e\000a\000d\000i\000n\000g\000\040\000P\000D\000F\000\040\000F\000i\000l\000e\000s\000\040\000T\000h\000r\000o\000u\000g\000h\000\040\000M\000S\000A\000A}{}% 5
\BOOKMARK [1][-]{section.2.1}{\376\377\000A\000c\000r\000o\000b\000a\000t\000\040\000i\000m\000p\000l\000e\000m\000e\000n\000t\000a\000t\000i\000o\000n\000\040\000o\000f\000\040\000I\000A\000c\000c\000e\000s\000s\000i\000b\000l\000e\000\040\000o\000b\000j\000e\000c\000t\000s}{chapter.2}% 6
\BOOKMARK [1][-]{section.2.2}{\376\377\000I\000G\000e\000t\000P\000D\000D\000o\000m\000N\000o\000d\000e\000\040\000i\000n\000t\000e\000r\000f\000a\000c\000e}{chapter.2}% 7
\BOOKMARK [1][-]{section.2.3}{\376\377\000I\000S\000e\000l\000e\000c\000t\000T\000e\000x\000t\000\040\000i\000n\000t\000e\000r\000f\000a\000c\000e}{chapter.2}% 8
\BOOKMARK [1][-]{section.2.4}{\376\377\000I\000d\000e\000n\000t\000i\000f\000y\000i\000n\000g\000\040\000I\000A\000c\000c\000e\000s\000s\000i\000b\000l\000e\000\040\000o\000b\000j\000e\000c\000t\000s\000\040\000i\000n\000\040\000a\000\040\000d\000o\000c\000u\000m\000e\000n\000t}{chapter.2}% 9
\BOOKMARK [1][-]{section.2.5}{\376\377\000I\000A\000c\000c\000e\000s\000s\000i\000b\000l\000e\000\040\000m\000e\000t\000h\000o\000d\000\040\000s\000u\000m\000m\000a\000r\000y}{chapter.2}% 10
\BOOKMARK [1][-]{section.2.6}{\376\377\000N\000a\000v\000i\000g\000a\000t\000i\000o\000n\000\040\000a\000n\000d\000\040\000h\000i\000e\000r\000a\000r\000c\000h\000y}{chapter.2}% 11
\BOOKMARK [1][-]{section.2.7}{\376\377\000D\000e\000s\000c\000r\000i\000p\000t\000i\000v\000e\000\040\000p\000r\000o\000p\000e\000r\000t\000i\000e\000s\000\040\000a\000n\000d\000\040\000m\000e\000t\000h\000o\000d\000s}{chapter.2}% 12
\BOOKMARK [1][-]{section.2.8}{\376\377\000S\000e\000l\000e\000c\000t\000i\000o\000n\000\040\000a\000n\000d\000\040\000f\000o\000c\000u\000s}{chapter.2}% 13
\BOOKMARK [1][-]{section.2.9}{\376\377\000S\000p\000a\000t\000i\000a\000l\000\040\000m\000a\000p\000p\000i\000n\000g}{chapter.2}% 14
\BOOKMARK [1][-]{section.2.10}{\376\377\000I\000A\000c\000c\000e\000s\000s\000i\000b\000l\000e\000\040\000o\000b\000j\000e\000c\000t\000\040\000t\000y\000p\000e\000s\000\040\000f\000o\000r\000\040\000P\000D\000F}{chapter.2}% 15
\BOOKMARK [0][-]{chapter.3}{\376\377\000R\000e\000a\000d\000i\000n\000g\000\040\000P\000D\000F\000\040\000F\000i\000l\000e\000s\000\040\000T\000h\000r\000o\000u\000g\000h\000\040\000t\000h\000e\000\040\000D\000O\000M\000\040\000I\000n\000t\000e\000r\000f\000a\000c\000e}{}% 16
\BOOKMARK [1][-]{section.3.1}{\376\377\000I\000P\000D\000D\000o\000m\000N\000o\000d\000e\000\040\000d\000a\000t\000a\000\040\000t\000y\000p\000e\000s}{chapter.3}% 17
\BOOKMARK [1][-]{section.3.2}{\376\377\000I\000P\000D\000D\000o\000m\000N\000o\000d\000e\000\040\000m\000e\000t\000h\000o\000d\000s}{chapter.3}% 18
\BOOKMARK [1][-]{section.3.3}{\376\377\000I\000P\000D\000D\000o\000m\000N\000o\000d\000e\000E\000x\000t\000\040\000m\000e\000t\000h\000o\000d\000s}{chapter.3}% 19
\BOOKMARK [1][-]{section.3.4}{\376\377\000I\000P\000D\000D\000o\000m\000D\000o\000c\000u\000m\000e\000n\000t\000\040\000m\000e\000t\000h\000o\000d\000s}{chapter.3}% 20
\BOOKMARK [1][-]{section.3.5}{\376\377\000I\000P\000D\000D\000o\000m\000E\000l\000e\000m\000e\000n\000t\000\040\000M\000e\000t\000h\000o\000d\000s}{chapter.3}% 21
\BOOKMARK [1][-]{section.3.6}{\376\377\000I\000P\000D\000D\000o\000m\000W\000o\000r\000d\000\040\000m\000e\000t\000h\000o\000d\000s}{chapter.3}% 22
\BOOKMARK [1][-]{section.3.7}{\376\377\000I\000P\000D\000D\000o\000m\000G\000r\000o\000u\000p\000I\000n\000f\000o\000\040\000m\000e\000t\000h\000o\000d}{chapter.3}% 23
